time="2024-06-26T09:09:51.96488877Z" level=info msg="Starting Dapr Runtime -- version 1.13.4 -- commit b18d9516f0eff06f8fdacd36e8bdf290909b05d9" app_id=pythonapp instance=pythonapp-65dd585484-tvwhh scope=dapr.runtime type=log ver=1.13.4
time="2024-06-26T09:09:51.964911346Z" level=info msg="Log level set to: info" app_id=pythonapp instance=pythonapp-65dd585484-tvwhh scope=dapr.runtime type=log ver=1.13.4
time="2024-06-26T09:09:51.965153613Z" level=info msg="Fetching initial identity certificate from dapr-sentry.dapr-system.svc.cluster.local:443" app_id=pythonapp instance=pythonapp-65dd585484-tvwhh scope=dapr.runtime.security type=log ver=1.13.4
time="2024-06-26T09:09:51.989710539Z" level=info msg="Security is initialized successfully" app_id=pythonapp instance=pythonapp-65dd585484-tvwhh scope=dapr.runtime.security type=log ver=1.13.4
time="2024-06-26T09:09:51.989756325Z" level=info msg="Starting workload cert expiry watcher; current cert expires on: 2024-06-27 09:09:51 +0000 UTC, renewing at 2024-06-27 01:53:21 +0000 UTC" app_id=pythonapp instance=pythonapp-65dd585484-tvwhh scope=dapr.runtime.security type=log ver=1.13.4
time="2024-06-26T09:09:51.989853761Z" level=info msg="Initializing the operator client" app_id=pythonapp instance=pythonapp-65dd585484-tvwhh scope=dapr.runtime type=log ver=1.13.4
time="2024-06-26T09:09:52.015199893Z" level=warning msg="The default value for 'spec.metric.http.increasedCardinality' will change to 'false' in Dapr 1.14" app_id=pythonapp instance=pythonapp-65dd585484-tvwhh scope=dapr.runtime type=log ver=1.13.4
time="2024-06-26T09:09:52.044724455Z" level=info msg="metrics server started on :38607/" app_id=pythonapp instance=pythonapp-65dd585484-tvwhh scope=dapr.runtime type=log ver=1.13.4
time="2024-06-26T09:09:52.044921869Z" level=info msg="kubernetes mode configured" app_id=pythonapp instance=pythonapp-65dd585484-tvwhh scope=dapr.runtime type=log ver=1.13.4
time="2024-06-26T09:09:52.044949804Z" level=info msg="app id: pythonapp" app_id=pythonapp instance=pythonapp-65dd585484-tvwhh scope=dapr.runtime type=log ver=1.13.4
time="2024-06-26T09:09:52.044994965Z" level=info msg="Dapr trace sampler initialized: DaprTraceSampler(P=1.000000)" app_id=pythonapp instance=pythonapp-65dd585484-tvwhh scope=dapr.runtime type=log ver=1.13.4
time="2024-06-26T09:09:52.045092376Z" level=info msg="Initialized name resolution to kubernetes" app_id=pythonapp instance=pythonapp-65dd585484-tvwhh scope=dapr.runtime type=log ver=1.13.4
time="2024-06-26T09:09:52.045476666Z" level=info msg="Component loaded: kubernetes (secretstores.kubernetes/v1)" app_id=pythonapp instance=pythonapp-65dd585484-tvwhh scope=dapr.runtime.processor type=log ver=1.13.4
time="2024-06-26T09:09:52.045509855Z" level=info msg="Loading components…" app_id=pythonapp instance=pythonapp-65dd585484-tvwhh scope=dapr.runtime type=log ver=1.13.4
time="2024-06-26T09:09:52.05469316Z" level=info msg="Component loaded: pubsub (pubsub.redis/v1)" app_id=pythonapp instance=pythonapp-65dd585484-tvwhh scope=dapr.runtime.processor type=log ver=1.13.4
time="2024-06-26T09:09:52.054824003Z" level=info msg="Waiting for all outstanding components to be processed…" app_id=pythonapp instance=pythonapp-65dd585484-tvwhh scope=dapr.runtime type=log ver=1.13.4
time="2024-06-26T09:09:55.133950969Z" level=error msg="Failed to init component statestore (state.redis/v1): [INIT_COMPONENT_FAILURE]: initialization error occurred for statestore (state.redis/v1): redis store: error connecting to redis at localhost:6379: dial tcp [::1]:6379: connect: connection refused" app_id=pythonapp instance=pythonapp-65dd585484-tvwhh scope=dapr.runtime.processor type=log ver=1.13.4
time="2024-06-26T09:09:55.133999112Z" level=warning msg="Error processing component, daprd will exit gracefully" app_id=pythonapp instance=pythonapp-65dd585484-tvwhh scope=dapr.runtime.processor type=log ver=1.13.4
time="2024-06-26T09:09:55.134026154Z" level=info msg="All outstanding components processed" app_id=pythonapp instance=pythonapp-65dd585484-tvwhh scope=dapr.runtime type=log ver=1.13.4
time="2024-06-26T09:09:55.134055115Z" level=info msg="Loading endpoints…" app_id=pythonapp instance=pythonapp-65dd585484-tvwhh scope=dapr.runtime type=log ver=1.13.4
time="2024-06-26T09:09:55.134729943Z" level=info msg="Waiting for all outstanding http endpoints to be processed…" app_id=pythonapp instance=pythonapp-65dd585484-tvwhh scope=dapr.runtime type=log ver=1.13.4
time="2024-06-26T09:09:55.134758012Z" level=info msg="All outstanding http endpoints processed" app_id=pythonapp instance=pythonapp-65dd585484-tvwhh scope=dapr.runtime type=log ver=1.13.4
time="2024-06-26T09:09:55.134771942Z" level=warning msg="App channel is not initialized. Did you configure an app-port?" app_id=pythonapp instance=pythonapp-65dd585484-tvwhh scope=dapr.runtime.channels type=log ver=1.13.4
time="2024-06-26T09:09:55.13486781Z" level=info msg="gRPC server listening on TCP address: [::1]:50001" app_id=pythonapp instance=pythonapp-65dd585484-tvwhh scope=dapr.runtime.grpc.api type=log ver=1.13.4
time="2024-06-26T09:09:55.134904221Z" level=info msg="gRPC server listening on TCP address: 127.0.0.1:50001" app_id=pythonapp instance=pythonapp-65dd585484-tvwhh scope=dapr.runtime.grpc.api type=log ver=1.13.4
time="2024-06-26T09:09:55.134920519Z" level=info msg="Enabled gRPC tracing middleware" app_id=pythonapp instance=pythonapp-65dd585484-tvwhh scope=dapr.runtime.grpc.api type=log ver=1.13.4
time="2024-06-26T09:09:55.134931352Z" level=info msg="Enabled gRPC metrics middleware" app_id=pythonapp instance=pythonapp-65dd585484-tvwhh scope=dapr.runtime.grpc.api type=log ver=1.13.4
time="2024-06-26T09:09:55.135004926Z" level=info msg="Registering workflow engine for gRPC endpoint: [::1]:50001" app_id=pythonapp instance=pythonapp-65dd585484-tvwhh scope=dapr.runtime.grpc.api type=log ver=1.13.4
time="2024-06-26T09:09:55.135051586Z" level=info msg="Enabled gRPC tracing middleware" app_id=pythonapp instance=pythonapp-65dd585484-tvwhh scope=dapr.runtime.grpc.api type=log ver=1.13.4
time="2024-06-26T09:09:55.135062398Z" level=info msg="Enabled gRPC metrics middleware" app_id=pythonapp instance=pythonapp-65dd585484-tvwhh scope=dapr.runtime.grpc.api type=log ver=1.13.4
time="2024-06-26T09:09:55.135098736Z" level=info msg="Registering workflow engine for gRPC endpoint: 127.0.0.1:50001" app_id=pythonapp instance=pythonapp-65dd585484-tvwhh scope=dapr.runtime.grpc.api type=log ver=1.13.4
time="2024-06-26T09:09:55.135119674Z" level=info msg="API gRPC server is running on port 50001" app_id=pythonapp instance=pythonapp-65dd585484-tvwhh scope=dapr.runtime type=log ver=1.13.4
time="2024-06-26T09:09:55.135185859Z" level=info msg="Enabled max body size HTTP middleware with size 4 MB" app_id=pythonapp instance=pythonapp-65dd585484-tvwhh scope=dapr.runtime.http type=log ver=1.13.4
time="2024-06-26T09:09:55.135201981Z" level=info msg="Enabled tracing HTTP middleware" app_id=pythonapp instance=pythonapp-65dd585484-tvwhh scope=dapr.runtime.http type=log ver=1.13.4
time="2024-06-26T09:09:55.135210722Z" level=info msg="Enabled metrics HTTP middleware" app_id=pythonapp instance=pythonapp-65dd585484-tvwhh scope=dapr.runtime.http type=log ver=1.13.4
time="2024-06-26T09:09:55.135608769Z" level=info msg="HTTP server listening on TCP address: [::1]:3500" app_id=pythonapp instance=pythonapp-65dd585484-tvwhh scope=dapr.runtime.http type=log ver=1.13.4
time="2024-06-26T09:09:55.135647998Z" level=info msg="HTTP server listening on TCP address: 127.0.0.1:3500" app_id=pythonapp instance=pythonapp-65dd585484-tvwhh scope=dapr.runtime.http type=log ver=1.13.4
time="2024-06-26T09:09:55.135669288Z" level=info msg="Enabled tracing HTTP middleware" app_id=pythonapp instance=pythonapp-65dd585484-tvwhh scope=dapr.runtime.http type=log ver=1.13.4
time="2024-06-26T09:09:55.135677133Z" level=info msg="Enabled metrics HTTP middleware" app_id=pythonapp instance=pythonapp-65dd585484-tvwhh scope=dapr.runtime.http type=log ver=1.13.4
time="2024-06-26T09:09:55.135725672Z" level=info msg="HTTP server is running on port 3500" app_id=pythonapp instance=pythonapp-65dd585484-tvwhh scope=dapr.runtime type=log ver=1.13.4
time="2024-06-26T09:09:55.135739666Z" level=info msg="The request body size parameter is: 4" app_id=pythonapp instance=pythonapp-65dd585484-tvwhh scope=dapr.runtime type=log ver=1.13.4
time="2024-06-26T09:09:55.135765204Z" level=info msg="gRPC server listening on TCP address: :50002" app_id=pythonapp instance=pythonapp-65dd585484-tvwhh scope=dapr.runtime.grpc.internal type=log ver=1.13.4
time="2024-06-26T09:09:55.1357836Z" level=info msg="Enabled gRPC tracing middleware" app_id=pythonapp instance=pythonapp-65dd585484-tvwhh scope=dapr.runtime.grpc.internal type=log ver=1.13.4
time="2024-06-26T09:09:55.135790665Z" level=info msg="Enabled gRPC metrics middleware" app_id=pythonapp instance=pythonapp-65dd585484-tvwhh scope=dapr.runtime.grpc.internal type=log ver=1.13.4
time="2024-06-26T09:09:55.135833727Z" level=info msg="Internal gRPC server is running on port 50002" app_id=pythonapp instance=pythonapp-65dd585484-tvwhh scope=dapr.runtime type=log ver=1.13.4
time="2024-06-26T09:09:55.135890443Z" level=info msg="actors: state store is not configured - this is okay for clients but services with hosted actors will fail to initialize!" app_id=pythonapp instance=pythonapp-65dd585484-tvwhh scope=dapr.runtime type=log ver=1.13.4
time="2024-06-26T09:09:55.135926935Z" level=info msg="Configuring actors placement provider 'placement'. Configuration: 'placement:dapr-placement-server.dapr-system.svc.cluster.local:50005'" app_id=pythonapp instance=pythonapp-65dd585484-tvwhh scope=dapr.runtime.actor type=log ver=1.13.4
time="2024-06-26T09:09:55.135952982Z" level=info msg="Configuring actor reminders provider 'default'. Configuration: ''" app_id=pythonapp instance=pythonapp-65dd585484-tvwhh scope=dapr.runtime.actor type=log ver=1.13.4
time="2024-06-26T09:09:55.135991652Z" level=info msg="Actor runtime started. Actor idle timeout: 1h0m0s. Actor scan interval: 30s" app_id=pythonapp instance=pythonapp-65dd585484-tvwhh scope=dapr.runtime.actor type=log ver=1.13.4
time="2024-06-26T09:09:55.136009192Z" level=info msg="Configuring workflow engine with actors backend" app_id=pythonapp instance=pythonapp-65dd585484-tvwhh scope=dapr.runtime type=log ver=1.13.4
time="2024-06-26T09:09:55.136019195Z" level=info msg="Registering component for dapr workflow engine..." app_id=pythonapp instance=pythonapp-65dd585484-tvwhh scope=dapr.runtime type=log ver=1.13.4
time="2024-06-26T09:09:55.136039345Z" level=info msg="Initializing Dapr workflow component" app_id=pythonapp component="dapr (workflow.dapr/v1)" instance=pythonapp-65dd585484-tvwhh scope=dapr.contrib type=log ver=1.13.4
time="2024-06-26T09:09:55.136059108Z" level=info msg="Workflow engine initialized." app_id=pythonapp instance=pythonapp-65dd585484-tvwhh scope=dapr.runtime type=log ver=1.13.4
time="2024-06-26T09:09:55.136070121Z" level=warning msg="app channel not initialized, make sure -app-port is specified if pubsub subscription is required" app_id=pythonapp instance=pythonapp-65dd585484-tvwhh scope=dapr.runtime.processor.pubsub type=log ver=1.13.4
time="2024-06-26T09:09:55.136097566Z" level=warning msg="failed to read from bindings: app channel not initialized " app_id=pythonapp instance=pythonapp-65dd585484-tvwhh scope=dapr.runtime type=log ver=1.13.4
time="2024-06-26T09:09:55.13610765Z" level=info msg="dapr initialized. Status: Running. Init Elapsed 3091ms" app_id=pythonapp instance=pythonapp-65dd585484-tvwhh scope=dapr.runtime type=log ver=1.13.4
time="2024-06-26T09:09:55.136176487Z" level=info msg="Dapr is shutting down" app_id=pythonapp instance=pythonapp-65dd585484-tvwhh scope=dapr.runtime type=log ver=1.13.4
time="2024-06-26T09:09:55.136188012Z" level=info msg="Closing HTTP server :3501…" app_id=pythonapp instance=pythonapp-65dd585484-tvwhh scope=dapr.runtime.http type=log ver=1.13.4
time="2024-06-26T09:09:55.136226006Z" level=info msg="Shutting down component pubsub (pubsub.redis/v1)" app_id=pythonapp instance=pythonapp-65dd585484-tvwhh scope=dapr.runtime type=log ver=1.13.4
time="2024-06-26T09:09:55.136238239Z" level=info msg="Closing HTTP server 127.0.0.1:3500…" app_id=pythonapp instance=pythonapp-65dd585484-tvwhh scope=dapr.runtime.http type=log ver=1.13.4
time="2024-06-26T09:09:55.1362651Z" level=info msg="Shutting down component kubernetes (secretstores.kubernetes/v1)" app_id=pythonapp instance=pythonapp-65dd585484-tvwhh scope=dapr.runtime type=log ver=1.13.4
time="2024-06-26T09:09:55.136207648Z" level=info msg="Shutting down actor" app_id=pythonapp instance=pythonapp-65dd585484-tvwhh scope=dapr.runtime type=log ver=1.13.4
time="2024-06-26T09:09:55.136253734Z" level=info msg="Closing HTTP server [::1]:3500…" app_id=pythonapp instance=pythonapp-65dd585484-tvwhh scope=dapr.runtime.http type=log ver=1.13.4
time="2024-06-26T09:09:55.136232521Z" level=info msg="Shutting down workflow engine" app_id=pythonapp instance=pythonapp-65dd585484-tvwhh scope=dapr.runtime type=log ver=1.13.4
time="2024-06-26T09:09:55.136300977Z" level=info msg="Dapr runtime stopped" app_id=pythonapp instance=pythonapp-65dd585484-tvwhh scope=dapr.runtime type=log ver=1.13.4
time="2024-06-26T09:09:55.136332723Z" level=fatal msg="Fatal error from runtime: process component statestore error: [INIT_COMPONENT_FAILURE]: initialization error occurred for statestore (state.redis/v1): [INIT_COMPONENT_FAILURE]: initialization error occurred for statestore (state.redis/v1): redis store: error connecting to redis at localhost:6379: dial tcp [::1]:6379: connect: connection refused" app_id=pythonapp instance=pythonapp-65dd585484-tvwhh scope=dapr.runtime type=log ver=1.13.4
