time="2024-06-26T12:54:40.426477545Z" level=info msg="Starting Dapr Runtime -- version 1.13.4 -- commit b18d9516f0eff06f8fdacd36e8bdf290909b05d9" app_id=python instance=python-d6dbb86f4-c99sd scope=dapr.runtime type=log ver=1.13.4
time="2024-06-26T12:54:40.426496922Z" level=info msg="Log level set to: info" app_id=python instance=python-d6dbb86f4-c99sd scope=dapr.runtime type=log ver=1.13.4
time="2024-06-26T12:54:40.426702941Z" level=info msg="Fetching initial identity certificate from dapr-sentry.dapr-system.svc.cluster.local:443" app_id=python instance=python-d6dbb86f4-c99sd scope=dapr.runtime.security type=log ver=1.13.4
time="2024-06-26T12:54:40.465531349Z" level=info msg="Security is initialized successfully" app_id=python instance=python-d6dbb86f4-c99sd scope=dapr.runtime.security type=log ver=1.13.4
time="2024-06-26T12:54:40.465570943Z" level=info msg="Starting workload cert expiry watcher; current cert expires on: 2024-06-27 12:54:40 +0000 UTC, renewing at 2024-06-27 05:38:10 +0000 UTC" app_id=python instance=python-d6dbb86f4-c99sd scope=dapr.runtime.security type=log ver=1.13.4
time="2024-06-26T12:54:40.465644687Z" level=info msg="Initializing the operator client" app_id=python instance=python-d6dbb86f4-c99sd scope=dapr.runtime type=log ver=1.13.4
time="2024-06-26T12:54:40.500032103Z" level=warning msg="The default value for 'spec.metric.http.increasedCardinality' will change to 'false' in Dapr 1.14" app_id=python instance=python-d6dbb86f4-c99sd scope=dapr.runtime type=log ver=1.13.4
time="2024-06-26T12:54:40.511102301Z" level=info msg="metrics server started on :41461/" app_id=python instance=python-d6dbb86f4-c99sd scope=dapr.runtime type=log ver=1.13.4
time="2024-06-26T12:54:40.511123123Z" level=info msg="kubernetes mode configured" app_id=python instance=python-d6dbb86f4-c99sd scope=dapr.runtime type=log ver=1.13.4
time="2024-06-26T12:54:40.511242233Z" level=info msg="app id: python" app_id=python instance=python-d6dbb86f4-c99sd scope=dapr.runtime type=log ver=1.13.4
time="2024-06-26T12:54:40.511294936Z" level=info msg="Dapr trace sampler initialized: DaprTraceSampler(P=1.000000)" app_id=python instance=python-d6dbb86f4-c99sd scope=dapr.runtime type=log ver=1.13.4
time="2024-06-26T12:54:40.511382524Z" level=info msg="Initialized name resolution to kubernetes" app_id=python instance=python-d6dbb86f4-c99sd scope=dapr.runtime type=log ver=1.13.4
time="2024-06-26T12:54:40.511457509Z" level=info msg="Loading components…" app_id=python instance=python-d6dbb86f4-c99sd scope=dapr.runtime type=log ver=1.13.4
time="2024-06-26T12:54:40.51184808Z" level=info msg="Waiting for all outstanding components to be processed…" app_id=python instance=python-d6dbb86f4-c99sd scope=dapr.runtime type=log ver=1.13.4
time="2024-06-26T12:54:40.511918505Z" level=info msg="Component loaded: kubernetes (secretstores.kubernetes/v1)" app_id=python instance=python-d6dbb86f4-c99sd scope=dapr.runtime.processor type=log ver=1.13.4
time="2024-06-26T12:54:40.51194154Z" level=info msg="All outstanding components processed" app_id=python instance=python-d6dbb86f4-c99sd scope=dapr.runtime type=log ver=1.13.4
time="2024-06-26T12:54:40.511958021Z" level=info msg="Loading endpoints…" app_id=python instance=python-d6dbb86f4-c99sd scope=dapr.runtime type=log ver=1.13.4
time="2024-06-26T12:54:40.512262717Z" level=info msg="Waiting for all outstanding http endpoints to be processed…" app_id=python instance=python-d6dbb86f4-c99sd scope=dapr.runtime type=log ver=1.13.4
time="2024-06-26T12:54:40.512273789Z" level=info msg="All outstanding http endpoints processed" app_id=python instance=python-d6dbb86f4-c99sd scope=dapr.runtime type=log ver=1.13.4
time="2024-06-26T12:54:40.512299005Z" level=warning msg="App channel is not initialized. Did you configure an app-port?" app_id=python instance=python-d6dbb86f4-c99sd scope=dapr.runtime.channels type=log ver=1.13.4
time="2024-06-26T12:54:40.512368025Z" level=info msg="gRPC server listening on TCP address: [::1]:50001" app_id=python instance=python-d6dbb86f4-c99sd scope=dapr.runtime.grpc.api type=log ver=1.13.4
time="2024-06-26T12:54:40.512393606Z" level=info msg="gRPC server listening on TCP address: 127.0.0.1:50001" app_id=python instance=python-d6dbb86f4-c99sd scope=dapr.runtime.grpc.api type=log ver=1.13.4
time="2024-06-26T12:54:40.512402955Z" level=info msg="Enabled gRPC tracing middleware" app_id=python instance=python-d6dbb86f4-c99sd scope=dapr.runtime.grpc.api type=log ver=1.13.4
time="2024-06-26T12:54:40.512410528Z" level=info msg="Enabled gRPC metrics middleware" app_id=python instance=python-d6dbb86f4-c99sd scope=dapr.runtime.grpc.api type=log ver=1.13.4
time="2024-06-26T12:54:40.512464549Z" level=info msg="Registering workflow engine for gRPC endpoint: [::1]:50001" app_id=python instance=python-d6dbb86f4-c99sd scope=dapr.runtime.grpc.api type=log ver=1.13.4
time="2024-06-26T12:54:40.512502649Z" level=info msg="Enabled gRPC tracing middleware" app_id=python instance=python-d6dbb86f4-c99sd scope=dapr.runtime.grpc.api type=log ver=1.13.4
time="2024-06-26T12:54:40.512521331Z" level=info msg="Enabled gRPC metrics middleware" app_id=python instance=python-d6dbb86f4-c99sd scope=dapr.runtime.grpc.api type=log ver=1.13.4
time="2024-06-26T12:54:40.512552569Z" level=info msg="Registering workflow engine for gRPC endpoint: 127.0.0.1:50001" app_id=python instance=python-d6dbb86f4-c99sd scope=dapr.runtime.grpc.api type=log ver=1.13.4
time="2024-06-26T12:54:40.51259342Z" level=info msg="API gRPC server is running on port 50001" app_id=python instance=python-d6dbb86f4-c99sd scope=dapr.runtime type=log ver=1.13.4
time="2024-06-26T12:54:40.512650551Z" level=info msg="Enabled max body size HTTP middleware with size 4 MB" app_id=python instance=python-d6dbb86f4-c99sd scope=dapr.runtime.http type=log ver=1.13.4
time="2024-06-26T12:54:40.512666502Z" level=info msg="Enabled tracing HTTP middleware" app_id=python instance=python-d6dbb86f4-c99sd scope=dapr.runtime.http type=log ver=1.13.4
time="2024-06-26T12:54:40.512682628Z" level=info msg="Enabled metrics HTTP middleware" app_id=python instance=python-d6dbb86f4-c99sd scope=dapr.runtime.http type=log ver=1.13.4
time="2024-06-26T12:54:40.512895357Z" level=info msg="HTTP server listening on TCP address: [::1]:3500" app_id=python instance=python-d6dbb86f4-c99sd scope=dapr.runtime.http type=log ver=1.13.4
time="2024-06-26T12:54:40.512912862Z" level=info msg="HTTP server listening on TCP address: 127.0.0.1:3500" app_id=python instance=python-d6dbb86f4-c99sd scope=dapr.runtime.http type=log ver=1.13.4
time="2024-06-26T12:54:40.512933035Z" level=info msg="Enabled tracing HTTP middleware" app_id=python instance=python-d6dbb86f4-c99sd scope=dapr.runtime.http type=log ver=1.13.4
time="2024-06-26T12:54:40.512942495Z" level=info msg="Enabled metrics HTTP middleware" app_id=python instance=python-d6dbb86f4-c99sd scope=dapr.runtime.http type=log ver=1.13.4
time="2024-06-26T12:54:40.512966721Z" level=info msg="HTTP server is running on port 3500" app_id=python instance=python-d6dbb86f4-c99sd scope=dapr.runtime type=log ver=1.13.4
time="2024-06-26T12:54:40.512975324Z" level=info msg="The request body size parameter is: 4" app_id=python instance=python-d6dbb86f4-c99sd scope=dapr.runtime type=log ver=1.13.4
time="2024-06-26T12:54:40.51300476Z" level=info msg="gRPC server listening on TCP address: :50002" app_id=python instance=python-d6dbb86f4-c99sd scope=dapr.runtime.grpc.internal type=log ver=1.13.4
time="2024-06-26T12:54:40.513018639Z" level=info msg="Enabled gRPC tracing middleware" app_id=python instance=python-d6dbb86f4-c99sd scope=dapr.runtime.grpc.internal type=log ver=1.13.4
time="2024-06-26T12:54:40.513026346Z" level=info msg="Enabled gRPC metrics middleware" app_id=python instance=python-d6dbb86f4-c99sd scope=dapr.runtime.grpc.internal type=log ver=1.13.4
time="2024-06-26T12:54:40.51306217Z" level=info msg="Internal gRPC server is running on port 50002" app_id=python instance=python-d6dbb86f4-c99sd scope=dapr.runtime type=log ver=1.13.4
time="2024-06-26T12:54:40.51311342Z" level=info msg="actors: state store is not configured - this is okay for clients but services with hosted actors will fail to initialize!" app_id=python instance=python-d6dbb86f4-c99sd scope=dapr.runtime type=log ver=1.13.4
time="2024-06-26T12:54:40.51314541Z" level=info msg="Configuring actors placement provider 'placement'. Configuration: 'placement:dapr-placement-server.dapr-system.svc.cluster.local:50005'" app_id=python instance=python-d6dbb86f4-c99sd scope=dapr.runtime.actor type=log ver=1.13.4
time="2024-06-26T12:54:40.513166598Z" level=info msg="Configuring actor reminders provider 'default'. Configuration: ''" app_id=python instance=python-d6dbb86f4-c99sd scope=dapr.runtime.actor type=log ver=1.13.4
time="2024-06-26T12:54:40.513195186Z" level=info msg="Actor runtime started. Actor idle timeout: 1h0m0s. Actor scan interval: 30s" app_id=python instance=python-d6dbb86f4-c99sd scope=dapr.runtime.actor type=log ver=1.13.4
time="2024-06-26T12:54:40.513212795Z" level=info msg="Configuring workflow engine with actors backend" app_id=python instance=python-d6dbb86f4-c99sd scope=dapr.runtime type=log ver=1.13.4
time="2024-06-26T12:54:40.513220001Z" level=info msg="Registering component for dapr workflow engine..." app_id=python instance=python-d6dbb86f4-c99sd scope=dapr.runtime type=log ver=1.13.4
time="2024-06-26T12:54:40.513232962Z" level=info msg="Initializing Dapr workflow component" app_id=python component="dapr (workflow.dapr/v1)" instance=python-d6dbb86f4-c99sd scope=dapr.contrib type=log ver=1.13.4
time="2024-06-26T12:54:40.513247446Z" level=info msg="Workflow engine initialized." app_id=python instance=python-d6dbb86f4-c99sd scope=dapr.runtime type=log ver=1.13.4
time="2024-06-26T12:54:40.513260893Z" level=warning msg="failed to read from bindings: app channel not initialized " app_id=python instance=python-d6dbb86f4-c99sd scope=dapr.runtime type=log ver=1.13.4
time="2024-06-26T12:54:40.513273025Z" level=info msg="dapr initialized. Status: Running. Init Elapsed 2ms" app_id=python instance=python-d6dbb86f4-c99sd scope=dapr.runtime type=log ver=1.13.4
time="2024-06-26T12:54:40.554703284Z" level=info msg="Placement tables updated, version: 0" app_id=python instance=python-d6dbb86f4-c99sd scope=dapr.runtime.actors.placement type=log ver=1.13.4
time="2024-06-26T12:55:50.610575713Z" level=info msg="Received signal 'terminated'; beginning shutdown" app_id=python instance=python-d6dbb86f4-c99sd scope=dapr.signals type=log ver=1.13.4
time="2024-06-26T12:55:50.610805911Z" level=info msg="Dapr is shutting down" app_id=python instance=python-d6dbb86f4-c99sd scope=dapr.runtime type=log ver=1.13.4
time="2024-06-26T12:55:50.610852397Z" level=info msg="Shutting down component kubernetes (secretstores.kubernetes/v1)" app_id=python instance=python-d6dbb86f4-c99sd scope=dapr.runtime type=log ver=1.13.4
time="2024-06-26T12:55:50.610870762Z" level=info msg="Dapr runtime stopped" app_id=python instance=python-d6dbb86f4-c99sd scope=dapr.runtime type=log ver=1.13.4
time="2024-06-26T12:55:50.610879077Z" level=info msg="Shutting down workflow engine" app_id=python instance=python-d6dbb86f4-c99sd scope=dapr.runtime type=log ver=1.13.4
time="2024-06-26T12:55:50.610889733Z" level=info msg="Shutting down actor" app_id=python instance=python-d6dbb86f4-c99sd scope=dapr.runtime type=log ver=1.13.4
time="2024-06-26T12:55:50.610953017Z" level=info msg="Closing HTTP server :3501…" app_id=python instance=python-d6dbb86f4-c99sd scope=dapr.runtime.http type=log ver=1.13.4
time="2024-06-26T12:55:50.611045108Z" level=info msg="Closing HTTP server [::1]:3500…" app_id=python instance=python-d6dbb86f4-c99sd scope=dapr.runtime.http type=log ver=1.13.4
time="2024-06-26T12:55:50.611074754Z" level=info msg="Closing HTTP server 127.0.0.1:3500…" app_id=python instance=python-d6dbb86f4-c99sd scope=dapr.runtime.http type=log ver=1.13.4
time="2024-06-26T12:55:50.611101087Z" level=info msg="Daprd shutdown gracefully" app_id=python instance=python-d6dbb86f4-c99sd scope=dapr.runtime type=log ver=1.13.4
