time="2024-06-26T12:47:29.60968682Z" level=info msg="Starting Dapr Runtime -- version 1.13.4 -- commit b18d9516f0eff06f8fdacd36e8bdf290909b05d9" app_id=python instance=python-79d86b4478-js2hr scope=dapr.runtime type=log ver=1.13.4
time="2024-06-26T12:47:29.609875381Z" level=info msg="Log level set to: info" app_id=python instance=python-79d86b4478-js2hr scope=dapr.runtime type=log ver=1.13.4
time="2024-06-26T12:47:29.610226139Z" level=info msg="Fetching initial identity certificate from dapr-sentry.dapr-system.svc.cluster.local:443" app_id=python instance=python-79d86b4478-js2hr scope=dapr.runtime.security type=log ver=1.13.4
time="2024-06-26T12:47:29.647581336Z" level=info msg="Security is initialized successfully" app_id=python instance=python-79d86b4478-js2hr scope=dapr.runtime.security type=log ver=1.13.4
time="2024-06-26T12:47:29.647631561Z" level=info msg="Starting workload cert expiry watcher; current cert expires on: 2024-06-27 12:47:29 +0000 UTC, renewing at 2024-06-27 05:30:59 +0000 UTC" app_id=python instance=python-79d86b4478-js2hr scope=dapr.runtime.security type=log ver=1.13.4
time="2024-06-26T12:47:29.64773652Z" level=info msg="Initializing the operator client" app_id=python instance=python-79d86b4478-js2hr scope=dapr.runtime type=log ver=1.13.4
time="2024-06-26T12:47:29.660786464Z" level=warning msg="The default value for 'spec.metric.http.increasedCardinality' will change to 'false' in Dapr 1.14" app_id=python instance=python-79d86b4478-js2hr scope=dapr.runtime type=log ver=1.13.4
time="2024-06-26T12:47:29.680647876Z" level=info msg="metrics server started on :44631/" app_id=python instance=python-79d86b4478-js2hr scope=dapr.runtime type=log ver=1.13.4
time="2024-06-26T12:47:29.680731117Z" level=info msg="kubernetes mode configured" app_id=python instance=python-79d86b4478-js2hr scope=dapr.runtime type=log ver=1.13.4
time="2024-06-26T12:47:29.680804051Z" level=info msg="app id: python" app_id=python instance=python-79d86b4478-js2hr scope=dapr.runtime type=log ver=1.13.4
time="2024-06-26T12:47:29.680878934Z" level=info msg="Dapr trace sampler initialized: DaprTraceSampler(P=1.000000)" app_id=python instance=python-79d86b4478-js2hr scope=dapr.runtime type=log ver=1.13.4
time="2024-06-26T12:47:29.681035924Z" level=info msg="Initialized name resolution to kubernetes" app_id=python instance=python-79d86b4478-js2hr scope=dapr.runtime type=log ver=1.13.4
time="2024-06-26T12:47:29.681129856Z" level=info msg="Loading components…" app_id=python instance=python-79d86b4478-js2hr scope=dapr.runtime type=log ver=1.13.4
time="2024-06-26T12:47:29.68162581Z" level=info msg="Component loaded: kubernetes (secretstores.kubernetes/v1)" app_id=python instance=python-79d86b4478-js2hr scope=dapr.runtime.processor type=log ver=1.13.4
time="2024-06-26T12:47:29.681631192Z" level=info msg="Waiting for all outstanding components to be processed…" app_id=python instance=python-79d86b4478-js2hr scope=dapr.runtime type=log ver=1.13.4
time="2024-06-26T12:47:29.681651055Z" level=info msg="All outstanding components processed" app_id=python instance=python-79d86b4478-js2hr scope=dapr.runtime type=log ver=1.13.4
time="2024-06-26T12:47:29.681664627Z" level=info msg="Loading endpoints…" app_id=python instance=python-79d86b4478-js2hr scope=dapr.runtime type=log ver=1.13.4
time="2024-06-26T12:47:29.682069714Z" level=info msg="Waiting for all outstanding http endpoints to be processed…" app_id=python instance=python-79d86b4478-js2hr scope=dapr.runtime type=log ver=1.13.4
time="2024-06-26T12:47:29.682081942Z" level=info msg="All outstanding http endpoints processed" app_id=python instance=python-79d86b4478-js2hr scope=dapr.runtime type=log ver=1.13.4
time="2024-06-26T12:47:29.682089287Z" level=warning msg="App channel is not initialized. Did you configure an app-port?" app_id=python instance=python-79d86b4478-js2hr scope=dapr.runtime.channels type=log ver=1.13.4
time="2024-06-26T12:47:29.682164609Z" level=info msg="gRPC server listening on TCP address: [::1]:50001" app_id=python instance=python-79d86b4478-js2hr scope=dapr.runtime.grpc.api type=log ver=1.13.4
time="2024-06-26T12:47:29.682191333Z" level=info msg="gRPC server listening on TCP address: 127.0.0.1:50001" app_id=python instance=python-79d86b4478-js2hr scope=dapr.runtime.grpc.api type=log ver=1.13.4
time="2024-06-26T12:47:29.682204579Z" level=info msg="Enabled gRPC tracing middleware" app_id=python instance=python-79d86b4478-js2hr scope=dapr.runtime.grpc.api type=log ver=1.13.4
time="2024-06-26T12:47:29.68224501Z" level=info msg="Enabled gRPC metrics middleware" app_id=python instance=python-79d86b4478-js2hr scope=dapr.runtime.grpc.api type=log ver=1.13.4
time="2024-06-26T12:47:29.68233025Z" level=info msg="Registering workflow engine for gRPC endpoint: [::1]:50001" app_id=python instance=python-79d86b4478-js2hr scope=dapr.runtime.grpc.api type=log ver=1.13.4
time="2024-06-26T12:47:29.682360078Z" level=info msg="Enabled gRPC tracing middleware" app_id=python instance=python-79d86b4478-js2hr scope=dapr.runtime.grpc.api type=log ver=1.13.4
time="2024-06-26T12:47:29.682369546Z" level=info msg="Enabled gRPC metrics middleware" app_id=python instance=python-79d86b4478-js2hr scope=dapr.runtime.grpc.api type=log ver=1.13.4
time="2024-06-26T12:47:29.682412946Z" level=info msg="Registering workflow engine for gRPC endpoint: 127.0.0.1:50001" app_id=python instance=python-79d86b4478-js2hr scope=dapr.runtime.grpc.api type=log ver=1.13.4
time="2024-06-26T12:47:29.682435493Z" level=info msg="API gRPC server is running on port 50001" app_id=python instance=python-79d86b4478-js2hr scope=dapr.runtime type=log ver=1.13.4
time="2024-06-26T12:47:29.682514044Z" level=info msg="Enabled max body size HTTP middleware with size 4 MB" app_id=python instance=python-79d86b4478-js2hr scope=dapr.runtime.http type=log ver=1.13.4
time="2024-06-26T12:47:29.682526432Z" level=info msg="Enabled tracing HTTP middleware" app_id=python instance=python-79d86b4478-js2hr scope=dapr.runtime.http type=log ver=1.13.4
time="2024-06-26T12:47:29.68253112Z" level=info msg="Enabled metrics HTTP middleware" app_id=python instance=python-79d86b4478-js2hr scope=dapr.runtime.http type=log ver=1.13.4
time="2024-06-26T12:47:29.682729369Z" level=info msg="HTTP server listening on TCP address: [::1]:3500" app_id=python instance=python-79d86b4478-js2hr scope=dapr.runtime.http type=log ver=1.13.4
time="2024-06-26T12:47:29.682746889Z" level=info msg="HTTP server listening on TCP address: 127.0.0.1:3500" app_id=python instance=python-79d86b4478-js2hr scope=dapr.runtime.http type=log ver=1.13.4
time="2024-06-26T12:47:29.682759493Z" level=info msg="Enabled tracing HTTP middleware" app_id=python instance=python-79d86b4478-js2hr scope=dapr.runtime.http type=log ver=1.13.4
time="2024-06-26T12:47:29.68279136Z" level=info msg="Enabled metrics HTTP middleware" app_id=python instance=python-79d86b4478-js2hr scope=dapr.runtime.http type=log ver=1.13.4
time="2024-06-26T12:47:29.682830853Z" level=info msg="HTTP server is running on port 3500" app_id=python instance=python-79d86b4478-js2hr scope=dapr.runtime type=log ver=1.13.4
time="2024-06-26T12:47:29.682841512Z" level=info msg="The request body size parameter is: 4" app_id=python instance=python-79d86b4478-js2hr scope=dapr.runtime type=log ver=1.13.4
time="2024-06-26T12:47:29.682864535Z" level=info msg="gRPC server listening on TCP address: :50002" app_id=python instance=python-79d86b4478-js2hr scope=dapr.runtime.grpc.internal type=log ver=1.13.4
time="2024-06-26T12:47:29.682878073Z" level=info msg="Enabled gRPC tracing middleware" app_id=python instance=python-79d86b4478-js2hr scope=dapr.runtime.grpc.internal type=log ver=1.13.4
time="2024-06-26T12:47:29.682884819Z" level=info msg="Enabled gRPC metrics middleware" app_id=python instance=python-79d86b4478-js2hr scope=dapr.runtime.grpc.internal type=log ver=1.13.4
time="2024-06-26T12:47:29.68292527Z" level=info msg="Internal gRPC server is running on port 50002" app_id=python instance=python-79d86b4478-js2hr scope=dapr.runtime type=log ver=1.13.4
time="2024-06-26T12:47:29.682981985Z" level=info msg="actors: state store is not configured - this is okay for clients but services with hosted actors will fail to initialize!" app_id=python instance=python-79d86b4478-js2hr scope=dapr.runtime type=log ver=1.13.4
time="2024-06-26T12:47:29.683007637Z" level=info msg="Configuring actors placement provider 'placement'. Configuration: 'placement:dapr-placement-server.dapr-system.svc.cluster.local:50005'" app_id=python instance=python-79d86b4478-js2hr scope=dapr.runtime.actor type=log ver=1.13.4
time="2024-06-26T12:47:29.683028148Z" level=info msg="Configuring actor reminders provider 'default'. Configuration: ''" app_id=python instance=python-79d86b4478-js2hr scope=dapr.runtime.actor type=log ver=1.13.4
time="2024-06-26T12:47:29.683060198Z" level=info msg="Actor runtime started. Actor idle timeout: 1h0m0s. Actor scan interval: 30s" app_id=python instance=python-79d86b4478-js2hr scope=dapr.runtime.actor type=log ver=1.13.4
time="2024-06-26T12:47:29.683075582Z" level=info msg="Configuring workflow engine with actors backend" app_id=python instance=python-79d86b4478-js2hr scope=dapr.runtime type=log ver=1.13.4
time="2024-06-26T12:47:29.683082825Z" level=info msg="Registering component for dapr workflow engine..." app_id=python instance=python-79d86b4478-js2hr scope=dapr.runtime type=log ver=1.13.4
time="2024-06-26T12:47:29.683098982Z" level=info msg="Initializing Dapr workflow component" app_id=python component="dapr (workflow.dapr/v1)" instance=python-79d86b4478-js2hr scope=dapr.contrib type=log ver=1.13.4
time="2024-06-26T12:47:29.68311638Z" level=info msg="Workflow engine initialized." app_id=python instance=python-79d86b4478-js2hr scope=dapr.runtime type=log ver=1.13.4
time="2024-06-26T12:47:29.683126074Z" level=warning msg="failed to read from bindings: app channel not initialized " app_id=python instance=python-79d86b4478-js2hr scope=dapr.runtime type=log ver=1.13.4
time="2024-06-26T12:47:29.683137523Z" level=info msg="dapr initialized. Status: Running. Init Elapsed 2ms" app_id=python instance=python-79d86b4478-js2hr scope=dapr.runtime type=log ver=1.13.4
time="2024-06-26T12:47:29.711250075Z" level=info msg="Placement tables updated, version: 0" app_id=python instance=python-79d86b4478-js2hr scope=dapr.runtime.actors.placement type=log ver=1.13.4
time="2024-06-26T12:48:31.194266018Z" level=info msg="Received signal 'terminated'; beginning shutdown" app_id=python instance=python-79d86b4478-js2hr scope=dapr.signals type=log ver=1.13.4
time="2024-06-26T12:48:31.194445235Z" level=info msg="Dapr is shutting down" app_id=python instance=python-79d86b4478-js2hr scope=dapr.runtime type=log ver=1.13.4
time="2024-06-26T12:48:31.194490895Z" level=info msg="Shutting down component kubernetes (secretstores.kubernetes/v1)" app_id=python instance=python-79d86b4478-js2hr scope=dapr.runtime type=log ver=1.13.4
time="2024-06-26T12:48:31.194524972Z" level=info msg="Dapr runtime stopped" app_id=python instance=python-79d86b4478-js2hr scope=dapr.runtime type=log ver=1.13.4
time="2024-06-26T12:48:31.194534044Z" level=info msg="Shutting down workflow engine" app_id=python instance=python-79d86b4478-js2hr scope=dapr.runtime type=log ver=1.13.4
time="2024-06-26T12:48:31.194562832Z" level=info msg="Shutting down actor" app_id=python instance=python-79d86b4478-js2hr scope=dapr.runtime type=log ver=1.13.4
time="2024-06-26T12:48:31.194645891Z" level=info msg="Closing HTTP server :3501…" app_id=python instance=python-79d86b4478-js2hr scope=dapr.runtime.http type=log ver=1.13.4
time="2024-06-26T12:48:31.194649816Z" level=info msg="Closing HTTP server [::1]:3500…" app_id=python instance=python-79d86b4478-js2hr scope=dapr.runtime.http type=log ver=1.13.4
time="2024-06-26T12:48:31.194710582Z" level=info msg="Closing HTTP server 127.0.0.1:3500…" app_id=python instance=python-79d86b4478-js2hr scope=dapr.runtime.http type=log ver=1.13.4
time="2024-06-26T12:48:31.194892381Z" level=info msg="Daprd shutdown gracefully" app_id=python instance=python-79d86b4478-js2hr scope=dapr.runtime type=log ver=1.13.4
