time="2024-06-26T09:57:46.052719882Z" level=info msg="Starting Dapr Runtime -- version 1.13.4 -- commit b18d9516f0eff06f8fdacd36e8bdf290909b05d9" app_id=python instance=python-5d49fcbf4b-j2msz scope=dapr.runtime type=log ver=1.13.4
time="2024-06-26T09:57:46.052939359Z" level=info msg="Log level set to: info" app_id=python instance=python-5d49fcbf4b-j2msz scope=dapr.runtime type=log ver=1.13.4
time="2024-06-26T09:57:46.053399781Z" level=info msg="Fetching initial identity certificate from dapr-sentry.dapr-system.svc.cluster.local:443" app_id=python instance=python-5d49fcbf4b-j2msz scope=dapr.runtime.security type=log ver=1.13.4
time="2024-06-26T09:57:46.086486236Z" level=info msg="Security is initialized successfully" app_id=python instance=python-5d49fcbf4b-j2msz scope=dapr.runtime.security type=log ver=1.13.4
time="2024-06-26T09:57:46.086734073Z" level=info msg="Initializing the operator client" app_id=python instance=python-5d49fcbf4b-j2msz scope=dapr.runtime type=log ver=1.13.4
time="2024-06-26T09:57:46.086825504Z" level=info msg="Starting workload cert expiry watcher; current cert expires on: 2024-06-27 09:57:46 +0000 UTC, renewing at 2024-06-27 02:41:16 +0000 UTC" app_id=python instance=python-5d49fcbf4b-j2msz scope=dapr.runtime.security type=log ver=1.13.4
time="2024-06-26T09:57:46.102183802Z" level=warning msg="The default value for 'spec.metric.http.increasedCardinality' will change to 'false' in Dapr 1.14" app_id=python instance=python-5d49fcbf4b-j2msz scope=dapr.runtime type=log ver=1.13.4
time="2024-06-26T09:57:46.112516798Z" level=info msg="metrics server started on :37567/" app_id=python instance=python-5d49fcbf4b-j2msz scope=dapr.runtime type=log ver=1.13.4
time="2024-06-26T09:57:46.112729176Z" level=info msg="kubernetes mode configured" app_id=python instance=python-5d49fcbf4b-j2msz scope=dapr.runtime type=log ver=1.13.4
time="2024-06-26T09:57:46.112768502Z" level=info msg="app id: python" app_id=python instance=python-5d49fcbf4b-j2msz scope=dapr.runtime type=log ver=1.13.4
time="2024-06-26T09:57:46.112815684Z" level=info msg="Dapr trace sampler initialized: DaprTraceSampler(P=1.000000)" app_id=python instance=python-5d49fcbf4b-j2msz scope=dapr.runtime type=log ver=1.13.4
time="2024-06-26T09:57:46.112924405Z" level=info msg="Initialized name resolution to kubernetes" app_id=python instance=python-5d49fcbf4b-j2msz scope=dapr.runtime type=log ver=1.13.4
time="2024-06-26T09:57:46.113001915Z" level=info msg="Loading components…" app_id=python instance=python-5d49fcbf4b-j2msz scope=dapr.runtime type=log ver=1.13.4
time="2024-06-26T09:57:46.11338456Z" level=info msg="Component loaded: kubernetes (secretstores.kubernetes/v1)" app_id=python instance=python-5d49fcbf4b-j2msz scope=dapr.runtime.processor type=log ver=1.13.4
time="2024-06-26T09:57:46.176801542Z" level=info msg="Component loaded: pubsub (pubsub.redis/v1)" app_id=python instance=python-5d49fcbf4b-j2msz scope=dapr.runtime.processor type=log ver=1.13.4
time="2024-06-26T09:57:46.177027174Z" level=info msg="Waiting for all outstanding components to be processed…" app_id=python instance=python-5d49fcbf4b-j2msz scope=dapr.runtime type=log ver=1.13.4
time="2024-06-26T09:57:49.256738548Z" level=error msg="Failed to init component statestore (state.redis/v1): [INIT_COMPONENT_FAILURE]: initialization error occurred for statestore (state.redis/v1): redis store: error connecting to redis at localhost:6379: dial tcp [::1]:6379: connect: connection refused" app_id=python instance=python-5d49fcbf4b-j2msz scope=dapr.runtime.processor type=log ver=1.13.4
time="2024-06-26T09:57:49.256777788Z" level=warning msg="Error processing component, daprd will exit gracefully" app_id=python instance=python-5d49fcbf4b-j2msz scope=dapr.runtime.processor type=log ver=1.13.4
time="2024-06-26T09:57:49.256830646Z" level=info msg="All outstanding components processed" app_id=python instance=python-5d49fcbf4b-j2msz scope=dapr.runtime type=log ver=1.13.4
time="2024-06-26T09:57:49.256857603Z" level=info msg="Loading endpoints…" app_id=python instance=python-5d49fcbf4b-j2msz scope=dapr.runtime type=log ver=1.13.4
time="2024-06-26T09:57:49.257445013Z" level=info msg="Waiting for all outstanding http endpoints to be processed…" app_id=python instance=python-5d49fcbf4b-j2msz scope=dapr.runtime type=log ver=1.13.4
time="2024-06-26T09:57:49.257471387Z" level=info msg="All outstanding http endpoints processed" app_id=python instance=python-5d49fcbf4b-j2msz scope=dapr.runtime type=log ver=1.13.4
time="2024-06-26T09:57:49.257485299Z" level=warning msg="App channel is not initialized. Did you configure an app-port?" app_id=python instance=python-5d49fcbf4b-j2msz scope=dapr.runtime.channels type=log ver=1.13.4
time="2024-06-26T09:57:49.257631587Z" level=info msg="gRPC server listening on TCP address: [::1]:50001" app_id=python instance=python-5d49fcbf4b-j2msz scope=dapr.runtime.grpc.api type=log ver=1.13.4
time="2024-06-26T09:57:49.257673867Z" level=info msg="gRPC server listening on TCP address: 127.0.0.1:50001" app_id=python instance=python-5d49fcbf4b-j2msz scope=dapr.runtime.grpc.api type=log ver=1.13.4
time="2024-06-26T09:57:49.257688139Z" level=info msg="Enabled gRPC tracing middleware" app_id=python instance=python-5d49fcbf4b-j2msz scope=dapr.runtime.grpc.api type=log ver=1.13.4
time="2024-06-26T09:57:49.257697872Z" level=info msg="Enabled gRPC metrics middleware" app_id=python instance=python-5d49fcbf4b-j2msz scope=dapr.runtime.grpc.api type=log ver=1.13.4
time="2024-06-26T09:57:49.257787446Z" level=info msg="Registering workflow engine for gRPC endpoint: [::1]:50001" app_id=python instance=python-5d49fcbf4b-j2msz scope=dapr.runtime.grpc.api type=log ver=1.13.4
time="2024-06-26T09:57:49.257835029Z" level=info msg="Enabled gRPC tracing middleware" app_id=python instance=python-5d49fcbf4b-j2msz scope=dapr.runtime.grpc.api type=log ver=1.13.4
time="2024-06-26T09:57:49.257844733Z" level=info msg="Enabled gRPC metrics middleware" app_id=python instance=python-5d49fcbf4b-j2msz scope=dapr.runtime.grpc.api type=log ver=1.13.4
time="2024-06-26T09:57:49.257891421Z" level=info msg="Registering workflow engine for gRPC endpoint: 127.0.0.1:50001" app_id=python instance=python-5d49fcbf4b-j2msz scope=dapr.runtime.grpc.api type=log ver=1.13.4
time="2024-06-26T09:57:49.257930197Z" level=info msg="API gRPC server is running on port 50001" app_id=python instance=python-5d49fcbf4b-j2msz scope=dapr.runtime type=log ver=1.13.4
time="2024-06-26T09:57:49.258058919Z" level=info msg="Enabled max body size HTTP middleware with size 4 MB" app_id=python instance=python-5d49fcbf4b-j2msz scope=dapr.runtime.http type=log ver=1.13.4
time="2024-06-26T09:57:49.258076779Z" level=info msg="Enabled tracing HTTP middleware" app_id=python instance=python-5d49fcbf4b-j2msz scope=dapr.runtime.http type=log ver=1.13.4
time="2024-06-26T09:57:49.25808609Z" level=info msg="Enabled metrics HTTP middleware" app_id=python instance=python-5d49fcbf4b-j2msz scope=dapr.runtime.http type=log ver=1.13.4
time="2024-06-26T09:57:49.258447315Z" level=info msg="HTTP server listening on TCP address: [::1]:3500" app_id=python instance=python-5d49fcbf4b-j2msz scope=dapr.runtime.http type=log ver=1.13.4
time="2024-06-26T09:57:49.258493782Z" level=info msg="HTTP server listening on TCP address: 127.0.0.1:3500" app_id=python instance=python-5d49fcbf4b-j2msz scope=dapr.runtime.http type=log ver=1.13.4
time="2024-06-26T09:57:49.258523992Z" level=info msg="Enabled tracing HTTP middleware" app_id=python instance=python-5d49fcbf4b-j2msz scope=dapr.runtime.http type=log ver=1.13.4
time="2024-06-26T09:57:49.258537891Z" level=info msg="Enabled metrics HTTP middleware" app_id=python instance=python-5d49fcbf4b-j2msz scope=dapr.runtime.http type=log ver=1.13.4
time="2024-06-26T09:57:49.258607079Z" level=info msg="HTTP server is running on port 3500" app_id=python instance=python-5d49fcbf4b-j2msz scope=dapr.runtime type=log ver=1.13.4
time="2024-06-26T09:57:49.258615947Z" level=info msg="The request body size parameter is: 4" app_id=python instance=python-5d49fcbf4b-j2msz scope=dapr.runtime type=log ver=1.13.4
time="2024-06-26T09:57:49.258665338Z" level=info msg="gRPC server listening on TCP address: :50002" app_id=python instance=python-5d49fcbf4b-j2msz scope=dapr.runtime.grpc.internal type=log ver=1.13.4
time="2024-06-26T09:57:49.25867633Z" level=info msg="Enabled gRPC tracing middleware" app_id=python instance=python-5d49fcbf4b-j2msz scope=dapr.runtime.grpc.internal type=log ver=1.13.4
time="2024-06-26T09:57:49.258683484Z" level=info msg="Enabled gRPC metrics middleware" app_id=python instance=python-5d49fcbf4b-j2msz scope=dapr.runtime.grpc.internal type=log ver=1.13.4
time="2024-06-26T09:57:49.258728306Z" level=info msg="Internal gRPC server is running on port 50002" app_id=python instance=python-5d49fcbf4b-j2msz scope=dapr.runtime type=log ver=1.13.4
time="2024-06-26T09:57:49.258808513Z" level=info msg="actors: state store is not configured - this is okay for clients but services with hosted actors will fail to initialize!" app_id=python instance=python-5d49fcbf4b-j2msz scope=dapr.runtime type=log ver=1.13.4
time="2024-06-26T09:57:49.258849467Z" level=info msg="Configuring actors placement provider 'placement'. Configuration: 'placement:dapr-placement-server.dapr-system.svc.cluster.local:50005'" app_id=python instance=python-5d49fcbf4b-j2msz scope=dapr.runtime.actor type=log ver=1.13.4
time="2024-06-26T09:57:49.258873981Z" level=info msg="Configuring actor reminders provider 'default'. Configuration: ''" app_id=python instance=python-5d49fcbf4b-j2msz scope=dapr.runtime.actor type=log ver=1.13.4
time="2024-06-26T09:57:49.258903873Z" level=info msg="Actor runtime started. Actor idle timeout: 1h0m0s. Actor scan interval: 30s" app_id=python instance=python-5d49fcbf4b-j2msz scope=dapr.runtime.actor type=log ver=1.13.4
time="2024-06-26T09:57:49.258916672Z" level=info msg="Configuring workflow engine with actors backend" app_id=python instance=python-5d49fcbf4b-j2msz scope=dapr.runtime type=log ver=1.13.4
time="2024-06-26T09:57:49.258924058Z" level=info msg="Registering component for dapr workflow engine..." app_id=python instance=python-5d49fcbf4b-j2msz scope=dapr.runtime type=log ver=1.13.4
time="2024-06-26T09:57:49.258936717Z" level=info msg="Initializing Dapr workflow component" app_id=python component="dapr (workflow.dapr/v1)" instance=python-5d49fcbf4b-j2msz scope=dapr.contrib type=log ver=1.13.4
time="2024-06-26T09:57:49.258954365Z" level=info msg="Workflow engine initialized." app_id=python instance=python-5d49fcbf4b-j2msz scope=dapr.runtime type=log ver=1.13.4
time="2024-06-26T09:57:49.258962622Z" level=warning msg="app channel not initialized, make sure -app-port is specified if pubsub subscription is required" app_id=python instance=python-5d49fcbf4b-j2msz scope=dapr.runtime.processor.pubsub type=log ver=1.13.4
time="2024-06-26T09:57:49.258987676Z" level=warning msg="failed to read from bindings: app channel not initialized " app_id=python instance=python-5d49fcbf4b-j2msz scope=dapr.runtime type=log ver=1.13.4
time="2024-06-26T09:57:49.258997786Z" level=info msg="dapr initialized. Status: Running. Init Elapsed 3146ms" app_id=python instance=python-5d49fcbf4b-j2msz scope=dapr.runtime type=log ver=1.13.4
time="2024-06-26T09:57:49.259104121Z" level=info msg="Dapr is shutting down" app_id=python instance=python-5d49fcbf4b-j2msz scope=dapr.runtime type=log ver=1.13.4
time="2024-06-26T09:57:49.259144575Z" level=info msg="Shutting down component pubsub (pubsub.redis/v1)" app_id=python instance=python-5d49fcbf4b-j2msz scope=dapr.runtime type=log ver=1.13.4
time="2024-06-26T09:57:49.259225269Z" level=info msg="Shutting down workflow engine" app_id=python instance=python-5d49fcbf4b-j2msz scope=dapr.runtime type=log ver=1.13.4
time="2024-06-26T09:57:49.259241252Z" level=info msg="Shutting down actor" app_id=python instance=python-5d49fcbf4b-j2msz scope=dapr.runtime type=log ver=1.13.4
time="2024-06-26T09:57:49.2593521Z" level=info msg="Closing HTTP server :3501…" app_id=python instance=python-5d49fcbf4b-j2msz scope=dapr.runtime.http type=log ver=1.13.4
time="2024-06-26T09:57:49.259427133Z" level=info msg="Shutting down component kubernetes (secretstores.kubernetes/v1)" app_id=python instance=python-5d49fcbf4b-j2msz scope=dapr.runtime type=log ver=1.13.4
time="2024-06-26T09:57:49.259454181Z" level=info msg="Closing HTTP server [::1]:3500…" app_id=python instance=python-5d49fcbf4b-j2msz scope=dapr.runtime.http type=log ver=1.13.4
time="2024-06-26T09:57:49.259497739Z" level=info msg="Closing HTTP server 127.0.0.1:3500…" app_id=python instance=python-5d49fcbf4b-j2msz scope=dapr.runtime.http type=log ver=1.13.4
time="2024-06-26T09:57:49.259554728Z" level=info msg="Dapr runtime stopped" app_id=python instance=python-5d49fcbf4b-j2msz scope=dapr.runtime type=log ver=1.13.4
time="2024-06-26T09:57:49.259605122Z" level=fatal msg="Fatal error from runtime: process component statestore error: [INIT_COMPONENT_FAILURE]: initialization error occurred for statestore (state.redis/v1): [INIT_COMPONENT_FAILURE]: initialization error occurred for statestore (state.redis/v1): redis store: error connecting to redis at localhost:6379: dial tcp [::1]:6379: connect: connection refused" app_id=python instance=python-5d49fcbf4b-j2msz scope=dapr.runtime type=log ver=1.13.4
