time="2024-06-26T09:55:42.055453068Z" level=info msg="Starting Dapr Runtime -- version 1.13.4 -- commit b18d9516f0eff06f8fdacd36e8bdf290909b05d9" app_id=python instance=python-74bff468cd-wldr5 scope=dapr.runtime type=log ver=1.13.4
time="2024-06-26T09:55:42.055490313Z" level=info msg="Log level set to: info" app_id=python instance=python-74bff468cd-wldr5 scope=dapr.runtime type=log ver=1.13.4
time="2024-06-26T09:55:42.055903839Z" level=info msg="Fetching initial identity certificate from dapr-sentry.dapr-system.svc.cluster.local:443" app_id=python instance=python-74bff468cd-wldr5 scope=dapr.runtime.security type=log ver=1.13.4
time="2024-06-26T09:55:42.083598176Z" level=info msg="Security is initialized successfully" app_id=python instance=python-74bff468cd-wldr5 scope=dapr.runtime.security type=log ver=1.13.4
time="2024-06-26T09:55:42.08364882Z" level=info msg="Starting workload cert expiry watcher; current cert expires on: 2024-06-27 09:55:42 +0000 UTC, renewing at 2024-06-27 02:39:12 +0000 UTC" app_id=python instance=python-74bff468cd-wldr5 scope=dapr.runtime.security type=log ver=1.13.4
time="2024-06-26T09:55:42.083841798Z" level=info msg="Initializing the operator client" app_id=python instance=python-74bff468cd-wldr5 scope=dapr.runtime type=log ver=1.13.4
time="2024-06-26T09:55:42.09601607Z" level=warning msg="The default value for 'spec.metric.http.increasedCardinality' will change to 'false' in Dapr 1.14" app_id=python instance=python-74bff468cd-wldr5 scope=dapr.runtime type=log ver=1.13.4
time="2024-06-26T09:55:42.104806371Z" level=info msg="kubernetes mode configured" app_id=python instance=python-74bff468cd-wldr5 scope=dapr.runtime type=log ver=1.13.4
time="2024-06-26T09:55:42.104845626Z" level=info msg="app id: python" app_id=python instance=python-74bff468cd-wldr5 scope=dapr.runtime type=log ver=1.13.4
time="2024-06-26T09:55:42.104896939Z" level=info msg="Dapr trace sampler initialized: DaprTraceSampler(P=1.000000)" app_id=python instance=python-74bff468cd-wldr5 scope=dapr.runtime type=log ver=1.13.4
time="2024-06-26T09:55:42.104820471Z" level=info msg="metrics server started on :37215/" app_id=python instance=python-74bff468cd-wldr5 scope=dapr.runtime type=log ver=1.13.4
time="2024-06-26T09:55:42.104991389Z" level=info msg="Initialized name resolution to kubernetes" app_id=python instance=python-74bff468cd-wldr5 scope=dapr.runtime type=log ver=1.13.4
time="2024-06-26T09:55:42.105085794Z" level=info msg="Loading components…" app_id=python instance=python-74bff468cd-wldr5 scope=dapr.runtime type=log ver=1.13.4
time="2024-06-26T09:55:42.105703643Z" level=info msg="Component loaded: kubernetes (secretstores.kubernetes/v1)" app_id=python instance=python-74bff468cd-wldr5 scope=dapr.runtime.processor type=log ver=1.13.4
time="2024-06-26T09:55:42.107196282Z" level=info msg="Component loaded: pubsub (pubsub.redis/v1)" app_id=python instance=python-74bff468cd-wldr5 scope=dapr.runtime.processor type=log ver=1.13.4
time="2024-06-26T09:55:42.107340493Z" level=info msg="Waiting for all outstanding components to be processed…" app_id=python instance=python-74bff468cd-wldr5 scope=dapr.runtime type=log ver=1.13.4
time="2024-06-26T09:55:45.185839449Z" level=error msg="Failed to init component statestore (state.redis/v1): [INIT_COMPONENT_FAILURE]: initialization error occurred for statestore (state.redis/v1): redis store: error connecting to redis at localhost:6379: dial tcp [::1]:6379: connect: connection refused" app_id=python instance=python-74bff468cd-wldr5 scope=dapr.runtime.processor type=log ver=1.13.4
time="2024-06-26T09:55:45.185925823Z" level=warning msg="Error processing component, daprd will exit gracefully" app_id=python instance=python-74bff468cd-wldr5 scope=dapr.runtime.processor type=log ver=1.13.4
time="2024-06-26T09:55:45.185961165Z" level=info msg="All outstanding components processed" app_id=python instance=python-74bff468cd-wldr5 scope=dapr.runtime type=log ver=1.13.4
time="2024-06-26T09:55:45.18599458Z" level=info msg="Loading endpoints…" app_id=python instance=python-74bff468cd-wldr5 scope=dapr.runtime type=log ver=1.13.4
time="2024-06-26T09:55:45.186699588Z" level=info msg="Waiting for all outstanding http endpoints to be processed…" app_id=python instance=python-74bff468cd-wldr5 scope=dapr.runtime type=log ver=1.13.4
time="2024-06-26T09:55:45.186748486Z" level=info msg="All outstanding http endpoints processed" app_id=python instance=python-74bff468cd-wldr5 scope=dapr.runtime type=log ver=1.13.4
time="2024-06-26T09:55:45.186768832Z" level=warning msg="App channel is not initialized. Did you configure an app-port?" app_id=python instance=python-74bff468cd-wldr5 scope=dapr.runtime.channels type=log ver=1.13.4
time="2024-06-26T09:55:45.186858507Z" level=info msg="gRPC server listening on TCP address: [::1]:50001" app_id=python instance=python-74bff468cd-wldr5 scope=dapr.runtime.grpc.api type=log ver=1.13.4
time="2024-06-26T09:55:45.186889291Z" level=info msg="gRPC server listening on TCP address: 127.0.0.1:50001" app_id=python instance=python-74bff468cd-wldr5 scope=dapr.runtime.grpc.api type=log ver=1.13.4
time="2024-06-26T09:55:45.186899108Z" level=info msg="Enabled gRPC tracing middleware" app_id=python instance=python-74bff468cd-wldr5 scope=dapr.runtime.grpc.api type=log ver=1.13.4
time="2024-06-26T09:55:45.186905776Z" level=info msg="Enabled gRPC metrics middleware" app_id=python instance=python-74bff468cd-wldr5 scope=dapr.runtime.grpc.api type=log ver=1.13.4
time="2024-06-26T09:55:45.186968199Z" level=info msg="Registering workflow engine for gRPC endpoint: [::1]:50001" app_id=python instance=python-74bff468cd-wldr5 scope=dapr.runtime.grpc.api type=log ver=1.13.4
time="2024-06-26T09:55:45.187004987Z" level=info msg="Enabled gRPC tracing middleware" app_id=python instance=python-74bff468cd-wldr5 scope=dapr.runtime.grpc.api type=log ver=1.13.4
time="2024-06-26T09:55:45.187016858Z" level=info msg="Enabled gRPC metrics middleware" app_id=python instance=python-74bff468cd-wldr5 scope=dapr.runtime.grpc.api type=log ver=1.13.4
time="2024-06-26T09:55:45.187051096Z" level=info msg="Registering workflow engine for gRPC endpoint: 127.0.0.1:50001" app_id=python instance=python-74bff468cd-wldr5 scope=dapr.runtime.grpc.api type=log ver=1.13.4
time="2024-06-26T09:55:45.187067799Z" level=info msg="API gRPC server is running on port 50001" app_id=python instance=python-74bff468cd-wldr5 scope=dapr.runtime type=log ver=1.13.4
time="2024-06-26T09:55:45.187147469Z" level=info msg="Enabled max body size HTTP middleware with size 4 MB" app_id=python instance=python-74bff468cd-wldr5 scope=dapr.runtime.http type=log ver=1.13.4
time="2024-06-26T09:55:45.187187726Z" level=info msg="Enabled tracing HTTP middleware" app_id=python instance=python-74bff468cd-wldr5 scope=dapr.runtime.http type=log ver=1.13.4
time="2024-06-26T09:55:45.187209405Z" level=info msg="Enabled metrics HTTP middleware" app_id=python instance=python-74bff468cd-wldr5 scope=dapr.runtime.http type=log ver=1.13.4
time="2024-06-26T09:55:45.18750822Z" level=info msg="HTTP server listening on TCP address: [::1]:3500" app_id=python instance=python-74bff468cd-wldr5 scope=dapr.runtime.http type=log ver=1.13.4
time="2024-06-26T09:55:45.187553665Z" level=info msg="HTTP server listening on TCP address: 127.0.0.1:3500" app_id=python instance=python-74bff468cd-wldr5 scope=dapr.runtime.http type=log ver=1.13.4
time="2024-06-26T09:55:45.187579702Z" level=info msg="Enabled tracing HTTP middleware" app_id=python instance=python-74bff468cd-wldr5 scope=dapr.runtime.http type=log ver=1.13.4
time="2024-06-26T09:55:45.187588163Z" level=info msg="Enabled metrics HTTP middleware" app_id=python instance=python-74bff468cd-wldr5 scope=dapr.runtime.http type=log ver=1.13.4
time="2024-06-26T09:55:45.187619153Z" level=info msg="HTTP server is running on port 3500" app_id=python instance=python-74bff468cd-wldr5 scope=dapr.runtime type=log ver=1.13.4
time="2024-06-26T09:55:45.187629041Z" level=info msg="The request body size parameter is: 4" app_id=python instance=python-74bff468cd-wldr5 scope=dapr.runtime type=log ver=1.13.4
time="2024-06-26T09:55:45.187723346Z" level=info msg="gRPC server listening on TCP address: :50002" app_id=python instance=python-74bff468cd-wldr5 scope=dapr.runtime.grpc.internal type=log ver=1.13.4
time="2024-06-26T09:55:45.187743338Z" level=info msg="Enabled gRPC tracing middleware" app_id=python instance=python-74bff468cd-wldr5 scope=dapr.runtime.grpc.internal type=log ver=1.13.4
time="2024-06-26T09:55:45.187753374Z" level=info msg="Enabled gRPC metrics middleware" app_id=python instance=python-74bff468cd-wldr5 scope=dapr.runtime.grpc.internal type=log ver=1.13.4
time="2024-06-26T09:55:45.187789464Z" level=info msg="Internal gRPC server is running on port 50002" app_id=python instance=python-74bff468cd-wldr5 scope=dapr.runtime type=log ver=1.13.4
time="2024-06-26T09:55:45.187837025Z" level=info msg="actors: state store is not configured - this is okay for clients but services with hosted actors will fail to initialize!" app_id=python instance=python-74bff468cd-wldr5 scope=dapr.runtime type=log ver=1.13.4
time="2024-06-26T09:55:45.187871617Z" level=info msg="Configuring actors placement provider 'placement'. Configuration: 'placement:dapr-placement-server.dapr-system.svc.cluster.local:50005'" app_id=python instance=python-74bff468cd-wldr5 scope=dapr.runtime.actor type=log ver=1.13.4
time="2024-06-26T09:55:45.187909203Z" level=info msg="Configuring actor reminders provider 'default'. Configuration: ''" app_id=python instance=python-74bff468cd-wldr5 scope=dapr.runtime.actor type=log ver=1.13.4
time="2024-06-26T09:55:45.187945485Z" level=info msg="Actor runtime started. Actor idle timeout: 1h0m0s. Actor scan interval: 30s" app_id=python instance=python-74bff468cd-wldr5 scope=dapr.runtime.actor type=log ver=1.13.4
time="2024-06-26T09:55:45.187959646Z" level=info msg="Configuring workflow engine with actors backend" app_id=python instance=python-74bff468cd-wldr5 scope=dapr.runtime type=log ver=1.13.4
time="2024-06-26T09:55:45.187967132Z" level=info msg="Registering component for dapr workflow engine..." app_id=python instance=python-74bff468cd-wldr5 scope=dapr.runtime type=log ver=1.13.4
time="2024-06-26T09:55:45.187983154Z" level=info msg="Initializing Dapr workflow component" app_id=python component="dapr (workflow.dapr/v1)" instance=python-74bff468cd-wldr5 scope=dapr.contrib type=log ver=1.13.4
time="2024-06-26T09:55:45.188004738Z" level=info msg="Workflow engine initialized." app_id=python instance=python-74bff468cd-wldr5 scope=dapr.runtime type=log ver=1.13.4
time="2024-06-26T09:55:45.18801679Z" level=warning msg="app channel not initialized, make sure -app-port is specified if pubsub subscription is required" app_id=python instance=python-74bff468cd-wldr5 scope=dapr.runtime.processor.pubsub type=log ver=1.13.4
time="2024-06-26T09:55:45.188028541Z" level=warning msg="failed to read from bindings: app channel not initialized " app_id=python instance=python-74bff468cd-wldr5 scope=dapr.runtime type=log ver=1.13.4
time="2024-06-26T09:55:45.188042789Z" level=info msg="dapr initialized. Status: Running. Init Elapsed 3083ms" app_id=python instance=python-74bff468cd-wldr5 scope=dapr.runtime type=log ver=1.13.4
time="2024-06-26T09:55:45.188087504Z" level=info msg="Dapr is shutting down" app_id=python instance=python-74bff468cd-wldr5 scope=dapr.runtime type=log ver=1.13.4
time="2024-06-26T09:55:45.188145021Z" level=info msg="Shutting down actor" app_id=python instance=python-74bff468cd-wldr5 scope=dapr.runtime type=log ver=1.13.4
time="2024-06-26T09:55:45.188171789Z" level=info msg="Shutting down component pubsub (pubsub.redis/v1)" app_id=python instance=python-74bff468cd-wldr5 scope=dapr.runtime type=log ver=1.13.4
time="2024-06-26T09:55:45.18817889Z" level=info msg="Closing HTTP server :3501…" app_id=python instance=python-74bff468cd-wldr5 scope=dapr.runtime.http type=log ver=1.13.4
time="2024-06-26T09:55:45.188137128Z" level=info msg="Shutting down workflow engine" app_id=python instance=python-74bff468cd-wldr5 scope=dapr.runtime type=log ver=1.13.4
time="2024-06-26T09:55:45.188248257Z" level=info msg="Shutting down component kubernetes (secretstores.kubernetes/v1)" app_id=python instance=python-74bff468cd-wldr5 scope=dapr.runtime type=log ver=1.13.4
time="2024-06-26T09:55:45.188273226Z" level=info msg="Dapr runtime stopped" app_id=python instance=python-74bff468cd-wldr5 scope=dapr.runtime type=log ver=1.13.4
time="2024-06-26T09:55:45.188265317Z" level=info msg="Closing HTTP server 127.0.0.1:3500…" app_id=python instance=python-74bff468cd-wldr5 scope=dapr.runtime.http type=log ver=1.13.4
time="2024-06-26T09:55:45.188268567Z" level=info msg="Closing HTTP server [::1]:3500…" app_id=python instance=python-74bff468cd-wldr5 scope=dapr.runtime.http type=log ver=1.13.4
time="2024-06-26T09:55:45.18841458Z" level=fatal msg="Fatal error from runtime: process component statestore error: [INIT_COMPONENT_FAILURE]: initialization error occurred for statestore (state.redis/v1): [INIT_COMPONENT_FAILURE]: initialization error occurred for statestore (state.redis/v1): redis store: error connecting to redis at localhost:6379: dial tcp [::1]:6379: connect: connection refused" app_id=python instance=python-74bff468cd-wldr5 scope=dapr.runtime type=log ver=1.13.4
