time="2024-06-26T09:07:45.120669113Z" level=info msg="Starting Dapr Runtime -- version 1.13.4 -- commit b18d9516f0eff06f8fdacd36e8bdf290909b05d9" app_id=pythonapp instance=pythonapp-94cdb56d8-sgnmp scope=dapr.runtime type=log ver=1.13.4
time="2024-06-26T09:07:45.120690403Z" level=info msg="Log level set to: info" app_id=pythonapp instance=pythonapp-94cdb56d8-sgnmp scope=dapr.runtime type=log ver=1.13.4
time="2024-06-26T09:07:45.1209372Z" level=info msg="Fetching initial identity certificate from dapr-sentry.dapr-system.svc.cluster.local:443" app_id=pythonapp instance=pythonapp-94cdb56d8-sgnmp scope=dapr.runtime.security type=log ver=1.13.4
time="2024-06-26T09:07:45.158578355Z" level=info msg="Security is initialized successfully" app_id=pythonapp instance=pythonapp-94cdb56d8-sgnmp scope=dapr.runtime.security type=log ver=1.13.4
time="2024-06-26T09:07:45.158625858Z" level=info msg="Starting workload cert expiry watcher; current cert expires on: 2024-06-27 09:07:45 +0000 UTC, renewing at 2024-06-27 01:51:15 +0000 UTC" app_id=pythonapp instance=pythonapp-94cdb56d8-sgnmp scope=dapr.runtime.security type=log ver=1.13.4
time="2024-06-26T09:07:45.158791566Z" level=info msg="Initializing the operator client" app_id=pythonapp instance=pythonapp-94cdb56d8-sgnmp scope=dapr.runtime type=log ver=1.13.4
time="2024-06-26T09:07:45.180571223Z" level=warning msg="The default value for 'spec.metric.http.increasedCardinality' will change to 'false' in Dapr 1.14" app_id=pythonapp instance=pythonapp-94cdb56d8-sgnmp scope=dapr.runtime type=log ver=1.13.4
time="2024-06-26T09:07:45.198184252Z" level=info msg="metrics server started on :38507/" app_id=pythonapp instance=pythonapp-94cdb56d8-sgnmp scope=dapr.runtime type=log ver=1.13.4
time="2024-06-26T09:07:45.19832472Z" level=info msg="kubernetes mode configured" app_id=pythonapp instance=pythonapp-94cdb56d8-sgnmp scope=dapr.runtime type=log ver=1.13.4
time="2024-06-26T09:07:45.198356888Z" level=info msg="app id: pythonapp" app_id=pythonapp instance=pythonapp-94cdb56d8-sgnmp scope=dapr.runtime type=log ver=1.13.4
time="2024-06-26T09:07:45.198406905Z" level=info msg="Dapr trace sampler initialized: DaprTraceSampler(P=1.000000)" app_id=pythonapp instance=pythonapp-94cdb56d8-sgnmp scope=dapr.runtime type=log ver=1.13.4
time="2024-06-26T09:07:45.198527466Z" level=info msg="Initialized name resolution to kubernetes" app_id=pythonapp instance=pythonapp-94cdb56d8-sgnmp scope=dapr.runtime type=log ver=1.13.4
time="2024-06-26T09:07:45.199259803Z" level=info msg="Loading components…" app_id=pythonapp instance=pythonapp-94cdb56d8-sgnmp scope=dapr.runtime type=log ver=1.13.4
time="2024-06-26T09:07:45.199745727Z" level=info msg="Component loaded: kubernetes (secretstores.kubernetes/v1)" app_id=pythonapp instance=pythonapp-94cdb56d8-sgnmp scope=dapr.runtime.processor type=log ver=1.13.4
time="2024-06-26T09:07:45.208726918Z" level=info msg="Component loaded: pubsub (pubsub.redis/v1)" app_id=pythonapp instance=pythonapp-94cdb56d8-sgnmp scope=dapr.runtime.processor type=log ver=1.13.4
time="2024-06-26T09:07:45.208843921Z" level=info msg="Waiting for all outstanding components to be processed…" app_id=pythonapp instance=pythonapp-94cdb56d8-sgnmp scope=dapr.runtime type=log ver=1.13.4
time="2024-06-26T09:07:48.286651604Z" level=error msg="Failed to init component statestore (state.redis/v1): [INIT_COMPONENT_FAILURE]: initialization error occurred for statestore (state.redis/v1): redis store: error connecting to redis at localhost:6379: dial tcp [::1]:6379: connect: connection refused" app_id=pythonapp instance=pythonapp-94cdb56d8-sgnmp scope=dapr.runtime.processor type=log ver=1.13.4
time="2024-06-26T09:07:48.286695509Z" level=warning msg="Error processing component, daprd will exit gracefully" app_id=pythonapp instance=pythonapp-94cdb56d8-sgnmp scope=dapr.runtime.processor type=log ver=1.13.4
time="2024-06-26T09:07:48.286713787Z" level=info msg="All outstanding components processed" app_id=pythonapp instance=pythonapp-94cdb56d8-sgnmp scope=dapr.runtime type=log ver=1.13.4
time="2024-06-26T09:07:48.28673253Z" level=info msg="Loading endpoints…" app_id=pythonapp instance=pythonapp-94cdb56d8-sgnmp scope=dapr.runtime type=log ver=1.13.4
time="2024-06-26T09:07:48.287260915Z" level=info msg="Waiting for all outstanding http endpoints to be processed…" app_id=pythonapp instance=pythonapp-94cdb56d8-sgnmp scope=dapr.runtime type=log ver=1.13.4
time="2024-06-26T09:07:48.287278691Z" level=info msg="All outstanding http endpoints processed" app_id=pythonapp instance=pythonapp-94cdb56d8-sgnmp scope=dapr.runtime type=log ver=1.13.4
time="2024-06-26T09:07:48.287291832Z" level=warning msg="App channel is not initialized. Did you configure an app-port?" app_id=pythonapp instance=pythonapp-94cdb56d8-sgnmp scope=dapr.runtime.channels type=log ver=1.13.4
time="2024-06-26T09:07:48.287371542Z" level=info msg="gRPC server listening on TCP address: [::1]:50001" app_id=pythonapp instance=pythonapp-94cdb56d8-sgnmp scope=dapr.runtime.grpc.api type=log ver=1.13.4
time="2024-06-26T09:07:48.287410381Z" level=info msg="gRPC server listening on TCP address: 127.0.0.1:50001" app_id=pythonapp instance=pythonapp-94cdb56d8-sgnmp scope=dapr.runtime.grpc.api type=log ver=1.13.4
time="2024-06-26T09:07:48.287423947Z" level=info msg="Enabled gRPC tracing middleware" app_id=pythonapp instance=pythonapp-94cdb56d8-sgnmp scope=dapr.runtime.grpc.api type=log ver=1.13.4
time="2024-06-26T09:07:48.287430855Z" level=info msg="Enabled gRPC metrics middleware" app_id=pythonapp instance=pythonapp-94cdb56d8-sgnmp scope=dapr.runtime.grpc.api type=log ver=1.13.4
time="2024-06-26T09:07:48.287501426Z" level=info msg="Registering workflow engine for gRPC endpoint: [::1]:50001" app_id=pythonapp instance=pythonapp-94cdb56d8-sgnmp scope=dapr.runtime.grpc.api type=log ver=1.13.4
time="2024-06-26T09:07:48.287542792Z" level=info msg="Enabled gRPC tracing middleware" app_id=pythonapp instance=pythonapp-94cdb56d8-sgnmp scope=dapr.runtime.grpc.api type=log ver=1.13.4
time="2024-06-26T09:07:48.287553061Z" level=info msg="Enabled gRPC metrics middleware" app_id=pythonapp instance=pythonapp-94cdb56d8-sgnmp scope=dapr.runtime.grpc.api type=log ver=1.13.4
time="2024-06-26T09:07:48.287610486Z" level=info msg="Registering workflow engine for gRPC endpoint: 127.0.0.1:50001" app_id=pythonapp instance=pythonapp-94cdb56d8-sgnmp scope=dapr.runtime.grpc.api type=log ver=1.13.4
time="2024-06-26T09:07:48.287656807Z" level=info msg="API gRPC server is running on port 50001" app_id=pythonapp instance=pythonapp-94cdb56d8-sgnmp scope=dapr.runtime type=log ver=1.13.4
time="2024-06-26T09:07:48.287732723Z" level=info msg="Enabled max body size HTTP middleware with size 4 MB" app_id=pythonapp instance=pythonapp-94cdb56d8-sgnmp scope=dapr.runtime.http type=log ver=1.13.4
time="2024-06-26T09:07:48.287746273Z" level=info msg="Enabled tracing HTTP middleware" app_id=pythonapp instance=pythonapp-94cdb56d8-sgnmp scope=dapr.runtime.http type=log ver=1.13.4
time="2024-06-26T09:07:48.287753426Z" level=info msg="Enabled metrics HTTP middleware" app_id=pythonapp instance=pythonapp-94cdb56d8-sgnmp scope=dapr.runtime.http type=log ver=1.13.4
time="2024-06-26T09:07:48.288492238Z" level=info msg="HTTP server listening on TCP address: [::1]:3500" app_id=pythonapp instance=pythonapp-94cdb56d8-sgnmp scope=dapr.runtime.http type=log ver=1.13.4
time="2024-06-26T09:07:48.288529208Z" level=info msg="HTTP server listening on TCP address: 127.0.0.1:3500" app_id=pythonapp instance=pythonapp-94cdb56d8-sgnmp scope=dapr.runtime.http type=log ver=1.13.4
time="2024-06-26T09:07:48.2885459Z" level=info msg="Enabled tracing HTTP middleware" app_id=pythonapp instance=pythonapp-94cdb56d8-sgnmp scope=dapr.runtime.http type=log ver=1.13.4
time="2024-06-26T09:07:48.288550461Z" level=info msg="Enabled metrics HTTP middleware" app_id=pythonapp instance=pythonapp-94cdb56d8-sgnmp scope=dapr.runtime.http type=log ver=1.13.4
time="2024-06-26T09:07:48.288587152Z" level=info msg="HTTP server is running on port 3500" app_id=pythonapp instance=pythonapp-94cdb56d8-sgnmp scope=dapr.runtime type=log ver=1.13.4
time="2024-06-26T09:07:48.288593191Z" level=info msg="The request body size parameter is: 4" app_id=pythonapp instance=pythonapp-94cdb56d8-sgnmp scope=dapr.runtime type=log ver=1.13.4
time="2024-06-26T09:07:48.288612104Z" level=info msg="gRPC server listening on TCP address: :50002" app_id=pythonapp instance=pythonapp-94cdb56d8-sgnmp scope=dapr.runtime.grpc.internal type=log ver=1.13.4
time="2024-06-26T09:07:48.28861968Z" level=info msg="Enabled gRPC tracing middleware" app_id=pythonapp instance=pythonapp-94cdb56d8-sgnmp scope=dapr.runtime.grpc.internal type=log ver=1.13.4
time="2024-06-26T09:07:48.288623762Z" level=info msg="Enabled gRPC metrics middleware" app_id=pythonapp instance=pythonapp-94cdb56d8-sgnmp scope=dapr.runtime.grpc.internal type=log ver=1.13.4
time="2024-06-26T09:07:48.288656283Z" level=info msg="Internal gRPC server is running on port 50002" app_id=pythonapp instance=pythonapp-94cdb56d8-sgnmp scope=dapr.runtime type=log ver=1.13.4
time="2024-06-26T09:07:48.288713429Z" level=info msg="actors: state store is not configured - this is okay for clients but services with hosted actors will fail to initialize!" app_id=pythonapp instance=pythonapp-94cdb56d8-sgnmp scope=dapr.runtime type=log ver=1.13.4
time="2024-06-26T09:07:48.288754233Z" level=info msg="Configuring actors placement provider 'placement'. Configuration: 'placement:dapr-placement-server.dapr-system.svc.cluster.local:50005'" app_id=pythonapp instance=pythonapp-94cdb56d8-sgnmp scope=dapr.runtime.actor type=log ver=1.13.4
time="2024-06-26T09:07:48.288769323Z" level=info msg="Configuring actor reminders provider 'default'. Configuration: ''" app_id=pythonapp instance=pythonapp-94cdb56d8-sgnmp scope=dapr.runtime.actor type=log ver=1.13.4
time="2024-06-26T09:07:48.288815174Z" level=info msg="Actor runtime started. Actor idle timeout: 1h0m0s. Actor scan interval: 30s" app_id=pythonapp instance=pythonapp-94cdb56d8-sgnmp scope=dapr.runtime.actor type=log ver=1.13.4
time="2024-06-26T09:07:48.288851715Z" level=info msg="Configuring workflow engine with actors backend" app_id=pythonapp instance=pythonapp-94cdb56d8-sgnmp scope=dapr.runtime type=log ver=1.13.4
time="2024-06-26T09:07:48.288858032Z" level=info msg="Registering component for dapr workflow engine..." app_id=pythonapp instance=pythonapp-94cdb56d8-sgnmp scope=dapr.runtime type=log ver=1.13.4
time="2024-06-26T09:07:48.288883072Z" level=info msg="Initializing Dapr workflow component" app_id=pythonapp component="dapr (workflow.dapr/v1)" instance=pythonapp-94cdb56d8-sgnmp scope=dapr.contrib type=log ver=1.13.4
time="2024-06-26T09:07:48.288908391Z" level=info msg="Workflow engine initialized." app_id=pythonapp instance=pythonapp-94cdb56d8-sgnmp scope=dapr.runtime type=log ver=1.13.4
time="2024-06-26T09:07:48.288919841Z" level=warning msg="app channel not initialized, make sure -app-port is specified if pubsub subscription is required" app_id=pythonapp instance=pythonapp-94cdb56d8-sgnmp scope=dapr.runtime.processor.pubsub type=log ver=1.13.4
time="2024-06-26T09:07:48.288928518Z" level=warning msg="failed to read from bindings: app channel not initialized " app_id=pythonapp instance=pythonapp-94cdb56d8-sgnmp scope=dapr.runtime type=log ver=1.13.4
time="2024-06-26T09:07:48.288935044Z" level=info msg="dapr initialized. Status: Running. Init Elapsed 3090ms" app_id=pythonapp instance=pythonapp-94cdb56d8-sgnmp scope=dapr.runtime type=log ver=1.13.4
time="2024-06-26T09:07:48.289015115Z" level=info msg="Dapr is shutting down" app_id=pythonapp instance=pythonapp-94cdb56d8-sgnmp scope=dapr.runtime type=log ver=1.13.4
time="2024-06-26T09:07:48.28903751Z" level=info msg="Shutting down component pubsub (pubsub.redis/v1)" app_id=pythonapp instance=pythonapp-94cdb56d8-sgnmp scope=dapr.runtime type=log ver=1.13.4
time="2024-06-26T09:07:48.289096618Z" level=info msg="Shutting down workflow engine" app_id=pythonapp instance=pythonapp-94cdb56d8-sgnmp scope=dapr.runtime type=log ver=1.13.4
time="2024-06-26T09:07:48.28911419Z" level=info msg="Shutting down actor" app_id=pythonapp instance=pythonapp-94cdb56d8-sgnmp scope=dapr.runtime type=log ver=1.13.4
time="2024-06-26T09:07:48.289241695Z" level=info msg="Closing HTTP server :3501…" app_id=pythonapp instance=pythonapp-94cdb56d8-sgnmp scope=dapr.runtime.http type=log ver=1.13.4
time="2024-06-26T09:07:48.289319625Z" level=info msg="Closing HTTP server [::1]:3500…" app_id=pythonapp instance=pythonapp-94cdb56d8-sgnmp scope=dapr.runtime.http type=log ver=1.13.4
time="2024-06-26T09:07:48.289382972Z" level=info msg="Closing HTTP server 127.0.0.1:3500…" app_id=pythonapp instance=pythonapp-94cdb56d8-sgnmp scope=dapr.runtime.http type=log ver=1.13.4
time="2024-06-26T09:07:48.289466479Z" level=info msg="Shutting down component kubernetes (secretstores.kubernetes/v1)" app_id=pythonapp instance=pythonapp-94cdb56d8-sgnmp scope=dapr.runtime type=log ver=1.13.4
time="2024-06-26T09:07:48.289576369Z" level=info msg="Dapr runtime stopped" app_id=pythonapp instance=pythonapp-94cdb56d8-sgnmp scope=dapr.runtime type=log ver=1.13.4
time="2024-06-26T09:07:48.289688503Z" level=fatal msg="Fatal error from runtime: process component statestore error: [INIT_COMPONENT_FAILURE]: initialization error occurred for statestore (state.redis/v1): [INIT_COMPONENT_FAILURE]: initialization error occurred for statestore (state.redis/v1): redis store: error connecting to redis at localhost:6379: dial tcp [::1]:6379: connect: connection refused" app_id=pythonapp instance=pythonapp-94cdb56d8-sgnmp scope=dapr.runtime type=log ver=1.13.4
