time="2024-06-28T03:57:31.819904393Z" level=info msg="Starting Dapr Runtime -- version 1.13.4 -- commit b18d9516f0eff06f8fdacd36e8bdf290909b05d9" app_id=order-processor instance=order-processor-6858b8c898-rkdqw scope=dapr.runtime type=log ver=1.13.4
time="2024-06-28T03:57:31.819936456Z" level=info msg="Log level set to: info" app_id=order-processor instance=order-processor-6858b8c898-rkdqw scope=dapr.runtime type=log ver=1.13.4
time="2024-06-28T03:57:31.820328376Z" level=info msg="Fetching initial identity certificate from dapr-sentry.dapr-system.svc.cluster.local:443" app_id=order-processor instance=order-processor-6858b8c898-rkdqw scope=dapr.runtime.security type=log ver=1.13.4
time="2024-06-28T03:57:31.859161421Z" level=info msg="Security is initialized successfully" app_id=order-processor instance=order-processor-6858b8c898-rkdqw scope=dapr.runtime.security type=log ver=1.13.4
time="2024-06-28T03:57:31.859207995Z" level=info msg="Starting workload cert expiry watcher; current cert expires on: 2024-06-29 03:57:31 +0000 UTC, renewing at 2024-06-28 20:41:01 +0000 UTC" app_id=order-processor instance=order-processor-6858b8c898-rkdqw scope=dapr.runtime.security type=log ver=1.13.4
time="2024-06-28T03:57:31.859362487Z" level=info msg="Initializing the operator client" app_id=order-processor instance=order-processor-6858b8c898-rkdqw scope=dapr.runtime type=log ver=1.13.4
time="2024-06-28T03:57:31.868147162Z" level=warning msg="The default value for 'spec.metric.http.increasedCardinality' will change to 'false' in Dapr 1.14" app_id=order-processor instance=order-processor-6858b8c898-rkdqw scope=dapr.runtime type=log ver=1.13.4
time="2024-06-28T03:57:31.881414881Z" level=info msg="metrics server started on :46385/" app_id=order-processor instance=order-processor-6858b8c898-rkdqw scope=dapr.runtime type=log ver=1.13.4
time="2024-06-28T03:57:31.881425326Z" level=info msg="kubernetes mode configured" app_id=order-processor instance=order-processor-6858b8c898-rkdqw scope=dapr.runtime type=log ver=1.13.4
time="2024-06-28T03:57:31.881607295Z" level=info msg="app id: order-processor" app_id=order-processor instance=order-processor-6858b8c898-rkdqw scope=dapr.runtime type=log ver=1.13.4
time="2024-06-28T03:57:31.881877759Z" level=info msg="Dapr trace sampler initialized: DaprTraceSampler(P=1.000000)" app_id=order-processor instance=order-processor-6858b8c898-rkdqw scope=dapr.runtime type=log ver=1.13.4
time="2024-06-28T03:57:31.882160964Z" level=info msg="Initialized name resolution to kubernetes" app_id=order-processor instance=order-processor-6858b8c898-rkdqw scope=dapr.runtime type=log ver=1.13.4
time="2024-06-28T03:57:31.882302991Z" level=info msg="Loading components…" app_id=order-processor instance=order-processor-6858b8c898-rkdqw scope=dapr.runtime type=log ver=1.13.4
time="2024-06-28T03:57:31.882862618Z" level=info msg="Component loaded: kubernetes (secretstores.kubernetes/v1)" app_id=order-processor instance=order-processor-6858b8c898-rkdqw scope=dapr.runtime.processor type=log ver=1.13.4
time="2024-06-28T03:57:31.883199184Z" level=info msg="Waiting for all outstanding components to be processed…" app_id=order-processor instance=order-processor-6858b8c898-rkdqw scope=dapr.runtime type=log ver=1.13.4
time="2024-06-28T03:57:34.963078206Z" level=error msg="Failed to init component statestore (state.redis/v1): [INIT_COMPONENT_FAILURE]: initialization error occurred for statestore (state.redis/v1): redis store: error connecting to redis at localhost:6379: dial tcp [::1]:6379: connect: connection refused" app_id=order-processor instance=order-processor-6858b8c898-rkdqw scope=dapr.runtime.processor type=log ver=1.13.4
time="2024-06-28T03:57:34.963114051Z" level=warning msg="Error processing component, daprd will exit gracefully" app_id=order-processor instance=order-processor-6858b8c898-rkdqw scope=dapr.runtime.processor type=log ver=1.13.4
time="2024-06-28T03:57:34.9631451Z" level=info msg="All outstanding components processed" app_id=order-processor instance=order-processor-6858b8c898-rkdqw scope=dapr.runtime type=log ver=1.13.4
time="2024-06-28T03:57:34.963170621Z" level=info msg="Loading endpoints…" app_id=order-processor instance=order-processor-6858b8c898-rkdqw scope=dapr.runtime type=log ver=1.13.4
time="2024-06-28T03:57:34.963929361Z" level=info msg="Waiting for all outstanding http endpoints to be processed…" app_id=order-processor instance=order-processor-6858b8c898-rkdqw scope=dapr.runtime type=log ver=1.13.4
time="2024-06-28T03:57:34.963957859Z" level=info msg="All outstanding http endpoints processed" app_id=order-processor instance=order-processor-6858b8c898-rkdqw scope=dapr.runtime type=log ver=1.13.4
time="2024-06-28T03:57:34.963972046Z" level=warning msg="App channel is not initialized. Did you configure an app-port?" app_id=order-processor instance=order-processor-6858b8c898-rkdqw scope=dapr.runtime.channels type=log ver=1.13.4
time="2024-06-28T03:57:34.964059409Z" level=info msg="gRPC server listening on TCP address: [::1]:50001" app_id=order-processor instance=order-processor-6858b8c898-rkdqw scope=dapr.runtime.grpc.api type=log ver=1.13.4
time="2024-06-28T03:57:34.964094162Z" level=info msg="gRPC server listening on TCP address: 127.0.0.1:50001" app_id=order-processor instance=order-processor-6858b8c898-rkdqw scope=dapr.runtime.grpc.api type=log ver=1.13.4
time="2024-06-28T03:57:34.964107946Z" level=info msg="Enabled gRPC tracing middleware" app_id=order-processor instance=order-processor-6858b8c898-rkdqw scope=dapr.runtime.grpc.api type=log ver=1.13.4
time="2024-06-28T03:57:34.964118071Z" level=info msg="Enabled gRPC metrics middleware" app_id=order-processor instance=order-processor-6858b8c898-rkdqw scope=dapr.runtime.grpc.api type=log ver=1.13.4
time="2024-06-28T03:57:34.964193089Z" level=info msg="Registering workflow engine for gRPC endpoint: [::1]:50001" app_id=order-processor instance=order-processor-6858b8c898-rkdqw scope=dapr.runtime.grpc.api type=log ver=1.13.4
time="2024-06-28T03:57:34.964242708Z" level=info msg="Enabled gRPC tracing middleware" app_id=order-processor instance=order-processor-6858b8c898-rkdqw scope=dapr.runtime.grpc.api type=log ver=1.13.4
time="2024-06-28T03:57:34.964255501Z" level=info msg="Enabled gRPC metrics middleware" app_id=order-processor instance=order-processor-6858b8c898-rkdqw scope=dapr.runtime.grpc.api type=log ver=1.13.4
time="2024-06-28T03:57:34.964314149Z" level=info msg="Registering workflow engine for gRPC endpoint: 127.0.0.1:50001" app_id=order-processor instance=order-processor-6858b8c898-rkdqw scope=dapr.runtime.grpc.api type=log ver=1.13.4
time="2024-06-28T03:57:34.964338407Z" level=info msg="API gRPC server is running on port 50001" app_id=order-processor instance=order-processor-6858b8c898-rkdqw scope=dapr.runtime type=log ver=1.13.4
time="2024-06-28T03:57:34.964434749Z" level=info msg="Enabled max body size HTTP middleware with size 4 MB" app_id=order-processor instance=order-processor-6858b8c898-rkdqw scope=dapr.runtime.http type=log ver=1.13.4
time="2024-06-28T03:57:34.964452755Z" level=info msg="Enabled tracing HTTP middleware" app_id=order-processor instance=order-processor-6858b8c898-rkdqw scope=dapr.runtime.http type=log ver=1.13.4
time="2024-06-28T03:57:34.964461998Z" level=info msg="Enabled metrics HTTP middleware" app_id=order-processor instance=order-processor-6858b8c898-rkdqw scope=dapr.runtime.http type=log ver=1.13.4
time="2024-06-28T03:57:34.964758484Z" level=info msg="HTTP server listening on TCP address: [::1]:3500" app_id=order-processor instance=order-processor-6858b8c898-rkdqw scope=dapr.runtime.http type=log ver=1.13.4
time="2024-06-28T03:57:34.964787029Z" level=info msg="HTTP server listening on TCP address: 127.0.0.1:3500" app_id=order-processor instance=order-processor-6858b8c898-rkdqw scope=dapr.runtime.http type=log ver=1.13.4
time="2024-06-28T03:57:34.964808465Z" level=info msg="Enabled tracing HTTP middleware" app_id=order-processor instance=order-processor-6858b8c898-rkdqw scope=dapr.runtime.http type=log ver=1.13.4
time="2024-06-28T03:57:34.964818967Z" level=info msg="Enabled metrics HTTP middleware" app_id=order-processor instance=order-processor-6858b8c898-rkdqw scope=dapr.runtime.http type=log ver=1.13.4
time="2024-06-28T03:57:34.964874464Z" level=info msg="HTTP server is running on port 3500" app_id=order-processor instance=order-processor-6858b8c898-rkdqw scope=dapr.runtime type=log ver=1.13.4
time="2024-06-28T03:57:34.964888401Z" level=info msg="The request body size parameter is: 4" app_id=order-processor instance=order-processor-6858b8c898-rkdqw scope=dapr.runtime type=log ver=1.13.4
time="2024-06-28T03:57:34.964918928Z" level=info msg="gRPC server listening on TCP address: :50002" app_id=order-processor instance=order-processor-6858b8c898-rkdqw scope=dapr.runtime.grpc.internal type=log ver=1.13.4
time="2024-06-28T03:57:34.964933898Z" level=info msg="Enabled gRPC tracing middleware" app_id=order-processor instance=order-processor-6858b8c898-rkdqw scope=dapr.runtime.grpc.internal type=log ver=1.13.4
time="2024-06-28T03:57:34.964941427Z" level=info msg="Enabled gRPC metrics middleware" app_id=order-processor instance=order-processor-6858b8c898-rkdqw scope=dapr.runtime.grpc.internal type=log ver=1.13.4
time="2024-06-28T03:57:34.96498313Z" level=info msg="Internal gRPC server is running on port 50002" app_id=order-processor instance=order-processor-6858b8c898-rkdqw scope=dapr.runtime type=log ver=1.13.4
time="2024-06-28T03:57:34.965044723Z" level=info msg="actors: state store is not configured - this is okay for clients but services with hosted actors will fail to initialize!" app_id=order-processor instance=order-processor-6858b8c898-rkdqw scope=dapr.runtime type=log ver=1.13.4
time="2024-06-28T03:57:34.965074741Z" level=info msg="Configuring actors placement provider 'placement'. Configuration: 'placement:dapr-placement-server.dapr-system.svc.cluster.local:50005'" app_id=order-processor instance=order-processor-6858b8c898-rkdqw scope=dapr.runtime.actor type=log ver=1.13.4
time="2024-06-28T03:57:34.96509341Z" level=info msg="Configuring actor reminders provider 'default'. Configuration: ''" app_id=order-processor instance=order-processor-6858b8c898-rkdqw scope=dapr.runtime.actor type=log ver=1.13.4
time="2024-06-28T03:57:34.965119049Z" level=info msg="Actor runtime started. Actor idle timeout: 1h0m0s. Actor scan interval: 30s" app_id=order-processor instance=order-processor-6858b8c898-rkdqw scope=dapr.runtime.actor type=log ver=1.13.4
time="2024-06-28T03:57:34.965133251Z" level=info msg="Configuring workflow engine with actors backend" app_id=order-processor instance=order-processor-6858b8c898-rkdqw scope=dapr.runtime type=log ver=1.13.4
time="2024-06-28T03:57:34.965141254Z" level=info msg="Registering component for dapr workflow engine..." app_id=order-processor instance=order-processor-6858b8c898-rkdqw scope=dapr.runtime type=log ver=1.13.4
time="2024-06-28T03:57:34.965152244Z" level=info msg="Initializing Dapr workflow component" app_id=order-processor component="dapr (workflow.dapr/v1)" instance=order-processor-6858b8c898-rkdqw scope=dapr.contrib type=log ver=1.13.4
time="2024-06-28T03:57:34.965165309Z" level=info msg="Workflow engine initialized." app_id=order-processor instance=order-processor-6858b8c898-rkdqw scope=dapr.runtime type=log ver=1.13.4
time="2024-06-28T03:57:34.965176199Z" level=warning msg="failed to read from bindings: app channel not initialized " app_id=order-processor instance=order-processor-6858b8c898-rkdqw scope=dapr.runtime type=log ver=1.13.4
time="2024-06-28T03:57:34.965185649Z" level=info msg="dapr initialized. Status: Running. Init Elapsed 3083ms" app_id=order-processor instance=order-processor-6858b8c898-rkdqw scope=dapr.runtime type=log ver=1.13.4
time="2024-06-28T03:57:34.965245582Z" level=info msg="Dapr is shutting down" app_id=order-processor instance=order-processor-6858b8c898-rkdqw scope=dapr.runtime type=log ver=1.13.4
time="2024-06-28T03:57:34.965266964Z" level=info msg="Closing HTTP server :3501…" app_id=order-processor instance=order-processor-6858b8c898-rkdqw scope=dapr.runtime.http type=log ver=1.13.4
time="2024-06-28T03:57:34.965285155Z" level=info msg="Shutting down component kubernetes (secretstores.kubernetes/v1)" app_id=order-processor instance=order-processor-6858b8c898-rkdqw scope=dapr.runtime type=log ver=1.13.4
time="2024-06-28T03:57:34.965306226Z" level=info msg="Dapr runtime stopped" app_id=order-processor instance=order-processor-6858b8c898-rkdqw scope=dapr.runtime type=log ver=1.13.4
time="2024-06-28T03:57:34.965315956Z" level=info msg="Shutting down workflow engine" app_id=order-processor instance=order-processor-6858b8c898-rkdqw scope=dapr.runtime type=log ver=1.13.4
time="2024-06-28T03:57:34.965335637Z" level=info msg="Closing HTTP server [::1]:3500…" app_id=order-processor instance=order-processor-6858b8c898-rkdqw scope=dapr.runtime.http type=log ver=1.13.4
time="2024-06-28T03:57:34.965344836Z" level=info msg="Shutting down actor" app_id=order-processor instance=order-processor-6858b8c898-rkdqw scope=dapr.runtime type=log ver=1.13.4
time="2024-06-28T03:57:34.965341057Z" level=info msg="Closing HTTP server 127.0.0.1:3500…" app_id=order-processor instance=order-processor-6858b8c898-rkdqw scope=dapr.runtime.http type=log ver=1.13.4
time="2024-06-28T03:57:34.965433604Z" level=fatal msg="Fatal error from runtime: process component statestore error: [INIT_COMPONENT_FAILURE]: initialization error occurred for statestore (state.redis/v1): [INIT_COMPONENT_FAILURE]: initialization error occurred for statestore (state.redis/v1): redis store: error connecting to redis at localhost:6379: dial tcp [::1]:6379: connect: connection refused" app_id=order-processor instance=order-processor-6858b8c898-rkdqw scope=dapr.runtime type=log ver=1.13.4
